START sending email... 
Tue Dec 18 18:00:01 KST 2018


select distinct `SNS User Email`, `Nation` from ob_email
A mail[OB-K.html] sent to =>kwangmin.lee@waffle.at 
A mail[OB-E.html] sent to =>silvergorem@naver.com 
A mail[OB-K.html] sent to =>silviamon1988@gmail.com 
A mail[OB-K.html] sent to =>ys-1021@hanmail.net 
A mail[OB-K.html] sent to =>ppig27@gmail.com 
A mail[OB-E.html] sent to =>eyul22@gmail.com 
A mail[OB-K.html] sent to =>agahajin@eden.rutgers.edu 
A mail[OB-K.html] sent to =>psychev@daum.net 
A mail[OB-K.html] sent to =>sh677in@hanmail.net 
A mail[OB-E.html] sent to =>cassio.facsumare@hotmail.com 
A mail[OB-E.html] sent to =>warriorcats100@aol.com 
A mail[OB-E.html] sent to =>johndonigan@hotmail.co.uk 
A mail[OB-K.html] sent to =>jinhyelin@yahoo.com 
A mail[OB-K.html] sent to =>910822@gmail.com 
A mail[OB-E.html] sent to =>onmi1004@naver.com 
A mail[OB-K.html] sent to =>lisayoon1018@naver.com 
A mail[OB-K.html] sent to =>nowhere0712@naver.com 
A mail[OB-K.html] sent to =>hhwong95@naver.com 
A mail[OB-E.html] sent to =>polliwog78@hanmail.net 
A mail[OB-E.html] sent to =>polliwog78@hanmail.net 
A mail[OB-K.html] sent to =>dongjoondj@gmail.com 
A mail[OB-K.html] sent to =>jonghee0930@hanmail.net 
A mail[OB-K.html] sent to =>ryung526@gmail.com 
A mail[OB-E.html] sent to =>anucha.pratoomwing@gmail.com 
A mail[OB-K.html] sent to =>candle1006@gmail.com 
A mail[OB-K.html] sent to =>kevinhan.tor@gmail.com 
A mail[OB-K.html] sent to =>jasmin9697@gmail.com 
A mail[OB-K.html] sent to =>yeunhee86@naver.com 
A mail[OB-K.html] sent to =>kyungsoo88@gmail.com 
A mail[OB-E.html] sent to =>loved.nj@gmail.com 
A mail[OB-K.html] sent to =>yj_0823@gwmail.gwu.edu 
A mail[OB-K.html] sent to =>keane16@nate.com 
A mail[OB-K.html] sent to =>chtjscjs@gmail.com 
A mail[OB-K.html] sent to =>mdklee01@gmail.com 
A mail[OB-K.html] sent to =>didals00@naver.com 
A mail[OB-E.html] sent to =>tingky1@naver.com 
A mail[OB-K.html] sent to =>chermian@naver.com 
A mail[OB-K.html] sent to =>dshonion@naver.com 
A mail[OB-E.html] sent to =>joao.p.netto@uol.com.br 
A mail[OB-E.html] sent to =>psehyun@gmail.com 
A mail[OB-E.html] sent to =>joshsta005@hotmail.com 
A mail[OB-E.html] sent to =>chrsshin62@gmail.com 
A mail[OB-K.html] sent to =>foxw@hanmail.net 
A mail[OB-E.html] sent to =>ksm8099@hotmail.com 
A mail[OB-K.html] sent to =>hj99234@nate.com 
A mail[OB-K.html] sent to =>painterhoya@gmail.com 
A mail[OB-E.html] sent to =>m.porte@live.com 
A mail[OB-K.html] sent to =>jiyoungk20@naver.com 
A mail[OB-K.html] sent to =>wem86@naver.com 
A mail[OB-E.html] sent to =>ryancortez77@gmail.com 
A mail[OB-E.html] sent to =>spacejjj@gmail.com 
A mail[OB-K.html] sent to =>artsohee@gmail.com 
A mail[OB-K.html] sent to =>nuages.kim@gmail.com 
A mail[OB-K.html] sent to =>mrcharming2k@gmail.com 
A mail[OB-K.html] sent to =>jefferson.gunter@yahoo.co.za 
A mail[OB-E.html] sent to =>jcastill77@hotmail.com 
A mail[OB-K.html] sent to =>ifdef@naver.com 
A mail[OB-K.html] sent to =>dukwoo@hotmail.com 
A mail[OB-E.html] sent to =>simon.blunt@hotmail.co.uk 
A mail[OB-E.html] sent to =>maclara2000@hotmail.com 
A mail[OB-E.html] sent to =>andycheng@telus.net 
A mail[OB-K.html] sent to =>7jisoo@hanmail.net 
A mail[OB-E.html] sent to =>bawitts@gmail.com 
A mail[OB-K.html] sent to =>projiheon@naver.com 
A mail[OB-K.html] sent to =>k942401h2@naver.com 
A mail[OB-K.html] sent to =>sseongkim44@gmail.com 
A mail[OB-E.html] sent to =>carllycha@yahoo.com 
A mail[OB-K.html] sent to =>ondine80@hotmail.de 
A mail[OB-K.html] sent to =>jwun1206@hotmail.com 
A mail[OB-E.html] sent to =>kaylee.schultz@gmail.com 
A mail[OB-K.html] sent to =>jeongok.kim@gmail.com 
A mail[OB-E.html] sent to =>yllklove@gmail.com 
A mail[OB-K.html] sent to =>sangmeean@gmail.com 
A mail[OB-K.html] sent to =>paeryoung@gmail.com 
A mail[OB-E.html] sent to =>lucpauls@gmail.com 
A mail[OB-K.html] sent to =>bbarkkun@gmail.com 
A mail[OB-E.html] sent to =>jaeminkim0212@gmail.com 
A mail[OB-E.html] sent to =>sophiepark219@gmail.com 
A mail[OB-K.html] sent to =>yjpark999@naver.com 
A mail[OB-K.html] sent to =>gva00117@naver.com 
A mail[OB-E.html] sent to =>blue.melia@hotmail.co.uk 
A mail[OB-E.html] sent to =>jebreenahmed@hotmail.com 
A mail[OB-E.html] sent to =>geraldhoe@gmail.com 
A mail[OB-K.html] sent to =>duane@koreafilm.or.kr 
A mail[OB-E.html] sent to =>yerin.yoon@gmail.com 
A mail[OB-K.html] sent to =>eun68524@nate.com 
A mail[OB-E.html] sent to =>patimka@yandex.ru 
A mail[OB-K.html] sent to =>llssuell@hanmail.net 
A mail[OB-E.html] sent to =>hanahchang7@gmail.com 
A mail[OB-K.html] sent to =>shooting1318@gmail.com 
A mail[OB-E.html] sent to =>tpekurovska@gmail.com 
A mail[OB-E.html] sent to =>manyamanya@naver.com 
A mail[OB-K.html] sent to =>skgus7109@naver.com 
A mail[OB-E.html] sent to =>vectorgram@gmail.com 
A mail[OB-E.html] sent to =>naheec@outlook.com 
A mail[OB-E.html] sent to =>jennifers2su@hotmail.com 
A mail[OB-K.html] sent to =>juni84@nate.com 
A mail[OB-K.html] sent to =>hahnaaah@naver.com 
A mail[OB-K.html] sent to =>continuityjj@gmail.com 
A mail[OB-K.html] sent to =>soyounghan90@hanmail.net 
A mail[OB-K.html] sent to =>space0201@gmail.com 
A mail[OB-K.html] sent to =>jenny8922@nate.com 
A mail[OB-K.html] sent to =>busted708@naver.com 
A mail[OB-K.html] sent to =>parkphj730@naver.com 
A mail[OB-K.html] sent to =>dkfdbzz@gmail.com 
A mail[OB-K.html] sent to =>verdebuster@naver.com 
A mail[OB-K.html] sent to =>cics_sue@naver.com 
A mail[OB-K.html] sent to =>best4136@hotmail.com 
A mail[OB-E.html] sent to =>songchan0507@gmail.com 
A mail[OB-E.html] sent to =>eunkie.cho@gmail.com 
A mail[OB-E.html] sent to =>yeojinlee@yahoo.com 
A mail[OB-E.html] sent to =>djangelouk@googlemail.com 
A mail[OB-K.html] sent to =>skdmsals1@naver.com 
A mail[OB-K.html] sent to =>smk9211@naver.com 
A mail[OB-K.html] sent to =>hahnopm@hanmail.net 
A mail[OB-K.html] sent to =>kangjae.kim88@gmail.com 
A mail[OB-E.html] sent to =>kke_87@hotmail.com 
A mail[OB-E.html] sent to =>nllgkt@gmail.com 
A mail[OB-E.html] sent to =>designmijinpark@gmail.com 
A mail[OB-K.html] sent to =>mrsv0413@gmail.com 
A mail[OB-K.html] sent to =>soojean_@daum.net 
A mail[OB-K.html] sent to =>heesun825@hotmail.com 
A mail[OB-E.html] sent to =>jmg-juan@hotmail.com 
A mail[OB-E.html] sent to =>jessurah@hotmail.com 
A mail[OB-K.html] sent to =>kdy4609@naver.com 
A mail[OB-E.html] sent to =>jameski111@hotmail.com 
A mail[OB-K.html] sent to =>sodasu02@nate.com 
A mail[OB-E.html] sent to =>lisahammer11@yahoo.com 
A mail[OB-E.html] sent to =>arolthamba@aol.com 
A mail[OB-E.html] sent to =>mgkeane5@gmail.com 
A mail[OB-E.html] sent to =>sanga.jun@gmail.com 
A mail[OB-E.html] sent to =>pkeitaq@naver.com 
A mail[OB-E.html] sent to =>joonghoon@gmail.com 
A mail[OB-E.html] sent to =>forsaken_angel2000@yahoo.com 
A mail[OB-E.html] sent to =>philippe.horne@knowledgeharvesting.com 
A mail[OB-E.html] sent to =>davis_z2006@hotmail.com 
A mail[OB-K.html] sent to =>hoonbest1@naver.com 
A mail[OB-K.html] sent to =>puyopuyo91@hanmail.net 
A mail[OB-K.html] sent to =>pika9107@naver.com 
A mail[OB-E.html] sent to =>leepok56@gmail.com 
A mail[OB-E.html] sent to =>sueannkim@hotmail.co.uk 
A mail[OB-E.html] sent to =>hosungchoi1215@gmail.com 
A mail[OB-K.html] sent to =>imjongho@gmail.com 
A mail[OB-K.html] sent to =>nosideo@nate.com 
A mail[OB-K.html] sent to =>haleyha522@gmail.com 
A mail[OB-K.html] sent to =>naeun78@hotmail.com 
A mail[OB-E.html] sent to =>polyjjj@naver.com 
A mail[OB-E.html] sent to =>jackienethercutt@gmail.com 
A mail[OB-E.html] sent to =>olivermartineau@yahoo.com 
A mail[OB-E.html] sent to =>hermsan2@hotmail.com 
A mail[OB-K.html] sent to =>yongthecoolest@gmail.com 
A mail[OB-K.html] sent to =>ppinga2238@naver.com 
A mail[OB-K.html] sent to =>raran12@naver.com 
A mail[OB-K.html] sent to =>take0131@naver.com 
A mail[OB-K.html] sent to =>sobio_rei@naver.com 
A mail[OB-K.html] sent to =>mli505@naver.com 
A mail[OB-K.html] sent to =>ppomi44@naver.com 
A mail[OB-E.html] sent to =>ppomi44@naver.com 
A mail[OB-K.html] sent to =>yopi12@naver.com 
A mail[OB-E.html] sent to =>aimnewlook@hotmail.com 
A mail[OB-K.html] sent to =>hongzzy@naver.com 
A mail[OB-K.html] sent to =>tankg@paran.com 
A mail[OB-E.html] sent to =>ilovealanna0622@yahoo.com 
A mail[OB-E.html] sent to =>pjmartineau@me.com 
A mail[OB-E.html] sent to =>jtkim.pr@gmail.com 
A mail[OB-K.html] sent to =>zzkr9421@naver.com 
A mail[OB-E.html] sent to =>cheekielady@hotmail.com 
A mail[OB-E.html] sent to =>kristina_kuhn@hotmail.com 
A mail[OB-E.html] sent to =>liza89@hotmail.de 
A mail[OB-K.html] sent to =>im4rang@naver.com 
A mail[OB-E.html] sent to =>gen_unit@hotmail.com 
A mail[OB-K.html] sent to =>bnbn330@naver.com 
A mail[OB-K.html] sent to =>seoyeon@sookmyung.ac.kr 
A mail[OB-K.html] sent to =>bebopone25@hotmail.com 
A mail[OB-E.html] sent to =>xbluberryzx@gmail.com 
A mail[OB-E.html] sent to =>t9376@yahoo.com.hk 
A mail[OB-K.html] sent to =>hjd01034215031@gmail.com 
A mail[OB-K.html] sent to =>younsoon@gmail.com 
A mail[OB-K.html] sent to =>occas@naver.com 
A mail[OB-K.html] sent to =>jisoo7004@hotmail.com 
A mail[OB-K.html] sent to =>jinaelim@gmail.com 
A mail[OB-E.html] sent to =>wan.wilson@gmail.com 
A mail[OB-K.html] sent to =>hapoodog@gmail.com 
A mail[OB-E.html] sent to =>emmanuel.minja@gmail.com 
A mail[OB-E.html] sent to =>ajhoefer@gmail.com 
A mail[OB-E.html] sent to =>ktjroos@gmail.com 
A mail[OB-K.html] sent to =>961210khy@gmail.com 
A mail[OB-E.html] sent to =>missyyoo@gmail.com 
A mail[OB-K.html] sent to =>gyoh92@nate.com 
A mail[OB-K.html] sent to =>dhko1golf@gmail.com 
A mail[OB-E.html] sent to =>cuttywee@hotmail.com 
A mail[OB-K.html] sent to =>jinsol1007@naver.com 
A mail[OB-E.html] sent to =>erik.k91@gmail.com 
A mail[OB-E.html] sent to =>pixiegreenflower@yahoo.com 
A mail[OB-E.html] sent to =>ske8er.11.boi@i.softbank.jp 
A mail[OB-K.html] sent to =>leee.jaehyun@gmail.com 
A mail[OB-E.html] sent to =>mishaslavin@gmail.com 
A mail[OB-K.html] sent to =>kangso9434@gmail.com 
A mail[OB-K.html] sent to =>imedyta@nate.com 
A mail[OB-E.html] sent to =>springglow@gmail.com 
A mail[OB-K.html] sent to =>awildguy@naver.com 
A mail[OB-K.html] sent to =>bboya1010@hotmail.com 
A mail[OB-E.html] sent to =>dong222@gmail.com 
A mail[OB-E.html] sent to =>paulkim0516@naver.com 
A mail[OB-E.html] sent to =>ccomjee@gmail.com 
A mail[OB-E.html] sent to =>innovasianist@gmail.com 
A mail[OB-K.html] sent to =>lnx37892@qasti.com 
A mail[OB-K.html] sent to =>bsop111@naver.com 
A mail[OB-E.html] sent to =>patric.dougan@gmail.com 
A mail[OB-E.html] sent to =>graeme@tonic-live.co.uk 
A mail[OB-E.html] sent to =>kchoi@emich.edu 
A mail[OB-E.html] sent to =>kyuhwanghuh77@gmail.com 
A mail[OB-K.html] sent to =>99etgood@gmail.com 
A mail[OB-K.html] sent to =>heera41@gmail.com 
A mail[OB-E.html] sent to =>sunui1125@hotmail.com 
A mail[OB-K.html] sent to =>rudqjal@hanafn.com 
A mail[OB-K.html] sent to =>kellyhjpark@hanmail.net 
A mail[OB-K.html] sent to =>yalli0510@naver.com 
A mail[OB-K.html] sent to =>hyunji33@hanmail.net 
A mail[OB-K.html] sent to =>kimminjoo@naver.com 
A mail[OB-E.html] sent to =>flaviaborges2@hotmail.com 
A mail[OB-K.html] sent to =>jiya0119@hanmail.net 
A mail[OB-K.html] sent to =>navihsyoo@gmail.com 
A mail[OB-E.html] sent to =>jyhuh@hotmail.com 
A mail[OB-E.html] sent to =>sa0629@live.co.kr 
A mail[OB-E.html] sent to =>kevin_cantrell@charter.net 
A mail[OB-K.html] sent to =>kldsa82@naver.com 
A mail[OB-E.html] sent to =>gloryhyuk35@naver.com 
A mail[OB-E.html] sent to =>fayinka@yandex.ru 
A mail[OB-E.html] sent to =>kimyou77@msu.edu 
A mail[OB-K.html] sent to =>yhhong7309@gmail.com 
A mail[OB-E.html] sent to =>rdlim71@gmail.com 
A mail[OB-E.html] sent to =>nruenarom@hotmail.com 
A mail[OB-E.html] sent to =>pepotyan@hotmail.co.jp 
A mail[OB-K.html] sent to =>jaeokh2000@yahoo.co.uk 
A mail[OB-K.html] sent to =>cherieamour.kang@gmail.com 
A mail[OB-K.html] sent to =>seoyoung.jang@richmond.edu 
A mail[OB-K.html] sent to =>joonwoo2@gmail.com 
A mail[OB-E.html] sent to =>hmi1993@hotmail.com 
A mail[OB-K.html] sent to =>adhoc@insunginfo.co.kr 
A mail[OB-E.html] sent to =>cwei87@gmail.com 
A mail[OB-K.html] sent to =>chunter88@naver.com 
A mail[OB-K.html] sent to =>adguyy@gmail.com 
A mail[OB-K.html] sent to =>ptietoile@hanmail.net 
A mail[OB-K.html] sent to =>junthus@gmail.com 
A mail[OB-K.html] sent to =>crisis89@naver.com 
A mail[OB-K.html] sent to =>helgee@naver.com 
A mail[OB-E.html] sent to =>bobbykim7@hotmail.com 
A mail[OB-E.html] sent to =>hermione0810@naver.com 
A mail[OB-K.html] sent to =>ejhmirae@nate.com 
A mail[OB-K.html] sent to =>grayone0@gmail.com 
A mail[OB-K.html] sent to =>sdhera@hotmail.com 
A mail[OB-K.html] sent to =>leka2002@naver.com 
A mail[OB-K.html] sent to =>jhw9003@gmail.com 
A mail[OB-K.html] sent to =>dalki654@naver.com 
A mail[OB-E.html] sent to =>dalki654@naver.com 
A mail[OB-E.html] sent to =>seitz.valentina@gmail.com 
A mail[OB-K.html] sent to =>pichachu486@naver.com 
A mail[OB-E.html] sent to =>digital17@hotmail.com 
A mail[OB-K.html] sent to =>virgingum@empas.com 
A mail[OB-E.html] sent to =>candace.matthias@gmail.com 
A mail[OB-K.html] sent to =>yoonssem@gmail.com 
A mail[OB-K.html] sent to =>sineunju2525@naver.com 
A mail[OB-E.html] sent to =>aidan.sm.koo@gmail.com 
A mail[OB-K.html] sent to =>taiji8595@daum.net 
A mail[OB-E.html] sent to =>manuel.jauschnig@gmx.at 
A mail[OB-E.html] sent to =>manuel.jauschnig@gmx.at 
A mail[OB-K.html] sent to =>sjy2bj@gmail.com 
A mail[OB-K.html] sent to =>mogpfla@naver.com 
A mail[OB-E.html] sent to =>youngha3719@gmail.com 
A mail[OB-E.html] sent to =>haansrano@gmail.com 
A mail[OB-E.html] sent to =>angelinaswchoi@gmail.com 
A mail[OB-K.html] sent to =>lavie_27@naver.com 
A mail[OB-K.html] sent to =>comickhj79@naver.com 
A mail[OB-K.html] sent to =>tome79@naver.com 
A mail[OB-K.html] sent to =>coco_monica@naver.com 
A mail[OB-E.html] sent to =>m9ligu@gmail.com 
A mail[OB-E.html] sent to =>phamandawana@gmail.com 
A mail[OB-K.html] sent to =>phamandawana@gmail.com 
A mail[OB-E.html] sent to =>maisieduff@hotmail.com 
A mail[OB-K.html] sent to =>han@infit.xyz 
A mail[OB-K.html] sent to =>shimjh85@naver.com 
A mail[OB-K.html] sent to =>vkfmvp33@gmail.com 
A mail[OB-K.html] sent to =>super.nang.ee@gmail.com 
A mail[OB-K.html] sent to =>rrrvsotki@naver.com 
A mail[OB-E.html] sent to =>suyeonshin87@gmail.com 
A mail[OB-E.html] sent to =>tholmes.244@gmail.com 
A mail[OB-K.html] sent to =>klane@naver.com 
A mail[OB-K.html] sent to =>sinjy132@gmail.com 
A mail[OB-K.html] sent to =>angela5127@hotmail.com 
A mail[OB-E.html] sent to =>katpelz@gmail.com 
A mail[OB-E.html] sent to =>bane93-dorcol@hotmail.com 
A mail[OB-E.html] sent to =>marina.cubela16@gmail.com 
A mail[OB-E.html] sent to =>laura.e.dean@hotmail.co.uk 
A mail[OB-E.html] sent to =>vedrana.barovic1@gmail.com 
A mail[OB-K.html] sent to =>bethechange001@naver.com 
A mail[OB-K.html] sent to =>ca_ssi@naver.com 
A mail[OB-E.html] sent to =>portrait1203@yahoo.com 
A mail[OB-K.html] sent to =>yoonkyoungh@nate.com 
A mail[OB-K.html] sent to =>beyond_grace@naver.com 
A mail[OB-K.html] sent to =>ljm820212@naver.com 
A mail[OB-K.html] sent to =>kpu5064@naver.com 
A mail[OB-K.html] sent to =>doorsros@gmail.com 
A mail[OB-K.html] sent to =>mr.tezmania@gmail.com 
A mail[OB-E.html] sent to =>shady_qum@hotmail.com 
A mail[OB-K.html] sent to =>bluedayso2@naver.com 
A mail[OB-K.html] sent to =>prestar92@hotmail.com 
A mail[OB-K.html] sent to =>constellation79@gmail.com 
A mail[OB-K.html] sent to =>hsy1224@naver.com 
A mail[OB-K.html] sent to =>feminabon@naver.com 
A mail[OB-K.html] sent to =>sungwooka@hotmail.com 
A mail[OB-K.html] sent to =>treetop4001@hotmail.com 
A mail[OB-E.html] sent to =>lars@namork.no 
A mail[OB-E.html] sent to =>clarecfisher@gmail.com 
A mail[OB-K.html] sent to =>nicemamma@hanmail.net 
A mail[OB-E.html] sent to =>sunggon91@gmail.com 
A mail[OB-K.html] sent to =>mirr4333@naver.com 
A mail[OB-K.html] sent to =>narim02@naver.com 
A mail[OB-E.html] sent to =>tsjdbs5829@naver.com 
A mail[OB-E.html] sent to =>kittiratn1234@gmail.com 
A mail[OB-K.html] sent to =>jeanhp@naver.com 
A mail[OB-K.html] sent to =>lkk0716@naver.com 
A mail[OB-K.html] sent to =>emmajeju@yahoo.co.kr 
A mail[OB-K.html] sent to =>jannetree@hotmail.com 
A mail[OB-E.html] sent to =>jlwarnert@gmail.com 
A mail[OB-K.html] sent to =>mother@motherpd.com 
A mail[OB-E.html] sent to =>angelapark94@gmail.com 
A mail[OB-K.html] sent to =>ahaha427@naver.com 
A mail[OB-E.html] sent to =>ursond22@naver.com 
A mail[OB-E.html] sent to =>noela.park@gmail.com 
A mail[OB-E.html] sent to =>thd119@gmail.com 
A mail[OB-K.html] sent to =>jsooseung@gmail.com 
A mail[OB-K.html] sent to =>jmpaik86@gmail.com 
A mail[OB-E.html] sent to =>maxcorton@gmail.com 
A mail[OB-E.html] sent to =>skittles9864@gmail.com 
A mail[OB-E.html] sent to =>stjgusj@naver.com 
A mail[OB-K.html] sent to =>dambicom@hanmail.net 
A mail[OB-E.html] sent to =>nivedha.mahendran@web.de 
A mail[OB-K.html] sent to =>been0420@hanmail.net 
A mail[OB-K.html] sent to =>bvaoxne@naver.com 
A mail[OB-E.html] sent to =>ann.yeseul@gmail.com 
A mail[OB-E.html] sent to =>samu.saaristo@gmail.com 
A mail[OB-K.html] sent to =>xogus0226@hotmail.com 
A mail[OB-K.html] sent to =>kitty7083@hotmail.com 
A mail[OB-K.html] sent to =>sd6000@nate.com 
A mail[OB-E.html] sent to =>ash_mcbride@yahoo.ca 
A mail[OB-E.html] sent to =>bluevetjj@nate.com 
A mail[OB-E.html] sent to =>aahume@hotmail.com 
A mail[OB-K.html] sent to =>hettyrho@gmail.com 
A mail[OB-E.html] sent to =>riv3rmountain@gmail.com 
A mail[OB-E.html] sent to =>limteraction@gmail.com 
A mail[OB-K.html] sent to =>chengyi@naver.com 
A mail[OB-K.html] sent to =>sarahkim1991@gmail.com 
A mail[OB-K.html] sent to =>peaceguard@naver.com 
A mail[OB-K.html] sent to =>woojinahn7@gmail.com 
A mail[OB-K.html] sent to =>ahfks18@nate.com 
A mail[OB-E.html] sent to =>kimio@goldenbear916.com 
A mail[OB-E.html] sent to =>mk642@cornell.edu 
A mail[OB-E.html] sent to =>nobyjjang@naver.com 
A mail[OB-E.html] sent to =>kabir@softbankci.com 
A mail[OB-E.html] sent to =>kimky1@gmail.com 
A mail[OB-K.html] sent to =>jwnam83@naver.com 
A mail[OB-E.html] sent to =>yonsei1991@gmail.com 
A mail[OB-K.html] sent to =>newids@gmail.com 
A mail[OB-K.html] sent to =>plspflsp@naver.com 
A mail[OB-E.html] sent to =>cindyleowtt@icloud.com 
A mail[OB-E.html] sent to =>evalaan1997@hotmail.com 
A mail[OB-E.html] sent to =>bonkiebeest@hotmail.com 
A mail[OB-E.html] sent to =>nicolas.seyer@hotmail.com 
A mail[OB-K.html] sent to =>mjmjmmj1@naver.com 
A mail[OB-E.html] sent to =>rimpreetsandhu@hotmail.com 
A mail[OB-E.html] sent to =>harpreetsandhu10@hotmail.com 
A mail[OB-K.html] sent to =>tost8295@gmail.com 
A mail[OB-K.html] sent to =>ielawpatent@gmail.com 
A mail[OB-K.html] sent to =>joorong@hotmail.com 
A mail[OB-E.html] sent to =>seeksense@gmail.com 
A mail[OB-E.html] sent to =>travislatsay@gmail.com 
A mail[OB-E.html] sent to =>jakyum@yooshin.com 
A mail[OB-K.html] sent to =>jakyum@yooshin.com 
A mail[OB-K.html] sent to =>jo0573@hotmail.com 
A mail[OB-E.html] sent to =>espen.krogh@live.no 
A mail[OB-K.html] sent to =>misolee0214@gmail.com 
A mail[OB-E.html] sent to =>paulriley1126@yahoo.com 
A mail[OB-E.html] sent to =>donhyukchoi@yahoo.com 
A mail[OB-K.html] sent to =>jinnyhkim@gmail.com 
A mail[OB-E.html] sent to =>ryoukoiga@yahoo.co.jp 
A mail[OB-K.html] sent to =>hera8400@naver.com 
A mail[OB-E.html] sent to =>michael_berggren82@hotmail.com 
A mail[OB-K.html] sent to =>realghetto82@gmail.com 
A mail[OB-K.html] sent to =>nojunk74@gmail.com 
A mail[OB-K.html] sent to =>wjdghl7681@daum.net 
A mail[OB-K.html] sent to =>lain_s@naver.com 
A mail[OB-K.html] sent to =>baekjungsun@gmail.com 
A mail[OB-E.html] sent to =>vannessayung@gmail.com 
A mail[OB-K.html] sent to =>77podopodo77@naver.com 
A mail[OB-K.html] sent to =>designmusic@nate.com 
A mail[OB-E.html] sent to =>ailina-94@mail.ru 
A mail[OB-K.html] sent to =>dgfhozedyqff@dropmail.me 
A mail[OB-K.html] sent to =>zecaros7@naver.com 
A mail[OB-K.html] sent to =>dudtj926@naver.com 
A mail[OB-K.html] sent to =>ladogo1004@nate.com 
A mail[OB-K.html] sent to =>0165151614@hanmail.net 
A mail[OB-K.html] sent to =>ses0930@hanmail.net 
A mail[OB-K.html] sent to =>judy4348@gmail.com 
A mail[OB-K.html] sent to =>insil.hwang@gmail.com 
A mail[OB-E.html] sent to =>katallina@outlook.com 
A mail[OB-K.html] sent to =>kokiri73@gmail.com 
A mail[OB-E.html] sent to =>akimmmmm88@gmail.com 
A mail[OB-E.html] sent to =>the.leps@talktalk.net 
A mail[OB-E.html] sent to =>divad011085@yahoo.com 
A mail[OB-E.html] sent to =>stanmaniac@hotmail.com 
A mail[OB-K.html] sent to =>juanxiu02@gmail.com 
A mail[OB-E.html] sent to =>emilee.carlisle@gmail.com 
A mail[OB-K.html] sent to =>bj0620.lee@samsung.com 
A mail[OB-K.html] sent to =>jungjaehur@gmail.com 
A mail[OB-K.html] sent to =>malkucki@nate.com 
A mail[OB-E.html] sent to =>jpark624@gmail.com 
A mail[OB-K.html] sent to =>smbright@naver.com 
A mail[OB-E.html] sent to =>ckim0701@yahoo.com 
A mail[OB-E.html] sent to =>rascaland@hotmail.com 
A mail[OB-E.html] sent to =>maurice.gerber2@gmail.com 
A mail[OB-E.html] sent to =>o0oxx@daum.net 
A mail[OB-E.html] sent to =>pedro_f_aidar@yahoo.com.br 
A mail[OB-E.html] sent to =>strawberry0709@gmail.com 
A mail[OB-K.html] sent to =>alexebeen@hanmail.net 
A mail[OB-K.html] sent to =>hjmsmam@naver.com 
A mail[OB-E.html] sent to =>martin.markvardsen@edrington.com 
A mail[OB-K.html] sent to =>csjune@gmail.com 
A mail[OB-K.html] sent to =>moire75@naver.com 
A mail[OB-K.html] sent to =>lazygirl79@gmail.com 
A mail[OB-K.html] sent to =>boundaries.korea@gmail.com 
A mail[OB-E.html] sent to =>dancetob@hotmail.com 
A mail[OB-K.html] sent to =>psybada1007@hanmail.net 
A mail[OB-K.html] sent to =>sahn06@gmail.com 
A mail[OB-K.html] sent to =>wldbs921004@gmail.com 
A mail[OB-K.html] sent to =>kadosu@hanmail.net 
A mail[OB-K.html] sent to =>yjchin69@hanmail.net 
A mail[OB-K.html] sent to =>cicak100@hotmail.com 
A mail[OB-E.html] sent to =>lusana@minerva.kgi.edu 
A mail[OB-K.html] sent to =>asso99@naver.com 
A mail[OB-E.html] sent to =>smohta@mba13.rsm.nl 
A mail[OB-K.html] sent to =>sugaller@naver.com 
A mail[OB-K.html] sent to =>yunsil707@naver.com 
A mail[OB-E.html] sent to =>the-flyingscotsman@hotmail.com 
A mail[OB-E.html] sent to =>bohemianspraha@i.softbank.jp 
A mail[OB-K.html] sent to =>oldvinwine@naver.com 
A mail[OB-K.html] sent to =>noohohc@me.com 
A mail[OB-E.html] sent to =>crystas66@gmail.com 
A mail[OB-E.html] sent to =>cataylor0304@aol.com 
A mail[OB-K.html] sent to =>jun20ok@naver.com 
A mail[OB-K.html] sent to =>yeojoos@hanmail.net 
A mail[OB-K.html] sent to =>solanum99@hanmail.net 
A mail[OB-K.html] sent to =>mimmy711@gmail.com 
A mail[OB-E.html] sent to =>cookie_yamyam@hotmail.com 
A mail[OB-K.html] sent to =>cinematoto@hanmail.net 
A mail[OB-E.html] sent to =>tangle_mini@hotmail.com 
A mail[OB-E.html] sent to =>troikaproject3@gmail.com 
A mail[OB-E.html] sent to =>jaymeprodan@gmail.com 
A mail[OB-K.html] sent to =>c_rem_kkk5_1228@yahoo.co.jp 
A mail[OB-K.html] sent to =>spreesh@naver.com 
A mail[OB-K.html] sent to =>fms9012@naver.com 
A mail[OB-E.html] sent to =>hyohui@gmail.com 
A mail[OB-E.html] sent to =>jonbrooks82@gmail.com 
A mail[OB-K.html] sent to =>jhpraying@hotmail.com 
A mail[OB-K.html] sent to =>best12khg@hanmail.net 
A mail[OB-E.html] sent to =>goobear314@yahoo.com 
A mail[OB-K.html] sent to =>shape-0206@hanmail.net 
A mail[OB-E.html] sent to =>msmith10@mix.wvu.edu 
A mail[OB-E.html] sent to =>ireneyim64@hotmail.com 
A mail[OB-K.html] sent to =>nayakkh0511@gmail.com 
A mail[OB-E.html] sent to =>paysense@live.com 
A mail[OB-K.html] sent to =>pengu_91@hanmail.net 
A mail[OB-K.html] sent to =>hsyun66@gmail.com 
A mail[OB-E.html] sent to =>pu380404@yandex.ru 
A mail[OB-K.html] sent to =>sj92165@gmail.com 
A mail[OB-E.html] sent to =>rafael_morelly@hotmail.com 
A mail[OB-E.html] sent to =>rafael_morelly@hotmail.com 
A mail[OB-E.html] sent to =>stevounet2003@yahoo.fr 
A mail[OB-K.html] sent to =>jcneige@gmail.com 
A mail[OB-E.html] sent to =>playstationmk2@gmail.com 
A mail[OB-K.html] sent to =>itismejy@gmail.com 
A mail[OB-K.html] sent to =>februaries@hanmail.net 
A mail[OB-K.html] sent to =>arzirong@nate.com 
A mail[OB-E.html] sent to =>shenren63@yahoo.co.jp 
A mail[OB-E.html] sent to =>thousandsummer828@gmail.com 
A mail[OB-K.html] sent to =>nayeon908@naver.com 
A mail[OB-K.html] sent to =>injaelee@samsung.com 
A mail[OB-E.html] sent to =>c.michelle.ym@gmail.com 
A mail[OB-E.html] sent to =>edith.14mar@gmail.com 
A mail[OB-K.html] sent to =>stormix@me.com 
A mail[OB-K.html] sent to =>alicejhj@hanmail.net 
A mail[OB-E.html] sent to =>the_siege85@yahoo.com 
A mail[OB-E.html] sent to =>c.lewis.houston@gmail.com 
A mail[OB-E.html] sent to =>dquang3107@yahoo.com 
A mail[OB-E.html] sent to =>venustran@gmail.com 
A mail[OB-K.html] sent to =>pcjylove@naver.com 
A mail[OB-E.html] sent to =>pcjylove@naver.com 
A mail[OB-E.html] sent to =>happy986@naver.com 
A mail[OB-E.html] sent to =>pilupilara@gmail.com 
A mail[OB-K.html] sent to =>ssun93@hanmail.net 
A mail[OB-K.html] sent to =>yeong_llena@naver.com 
A mail[OB-K.html] sent to =>chaemj101@gmail.com 
A mail[OB-K.html] sent to =>limyoujin93@naver.com 
A mail[OB-E.html] sent to =>oliviercoste@yahoo.fr 
A mail[OB-E.html] sent to =>ash.flickz@gmail.com 
A mail[OB-E.html] sent to =>eliasschegg@gmail.com 
A mail[OB-E.html] sent to =>jaykay.p@hotmail.com 
A mail[OB-K.html] sent to =>eulnashin@gmail.com 
A mail[OB-K.html] sent to =>jean0206@gmail.com 
A mail[OB-E.html] sent to =>grace.lovely@gmail.com 
A mail[OB-E.html] sent to =>601218@gmail.com 
A mail[OB-K.html] sent to =>jh.leo727@gmail.com 
A mail[OB-K.html] sent to =>philah90@hotmail.com 
A mail[OB-E.html] sent to =>jja.healy@yahoo.co.uk 
A mail[OB-K.html] sent to =>cocomorning@gmail.com 
A mail[OB-E.html] sent to =>sabine.zogsberger@gmx.at 
A mail[OB-E.html] sent to =>manurahul09@yahoo.com 
A mail[OB-K.html] sent to =>ht8909@naver.com 
A mail[OB-E.html] sent to =>kpop80@yahoo.com 
A mail[OB-E.html] sent to =>kimjueun@yahoo.com 
A mail[OB-K.html] sent to =>sinmins@naver.com 
A mail[OB-K.html] sent to =>junghee9269@naver.com 
A mail[OB-E.html] sent to =>sunicktku@gmail.com 
A mail[OB-K.html] sent to =>cindy9711@naver.com 
A mail[OB-K.html] sent to =>jihae890609@gmail.com 
A mail[OB-K.html] sent to =>kenzo7839@naver.com 
A mail[OB-K.html] sent to =>myoldfrd@naver.com 
A mail[OB-E.html] sent to =>sydneymkim@yahoo.com.sg 
A mail[OB-E.html] sent to =>zhouzhin@hotmail.com 
A mail[OB-K.html] sent to =>ahamagal1@gmail.com 
A mail[OB-K.html] sent to =>mansaok0224@gmail.com 
A mail[OB-E.html] sent to =>dinyal@mail.ru 
A mail[OB-E.html] sent to =>sketchbookss@me.com 
A mail[OB-K.html] sent to =>sungu1401@naver.com 
A mail[OB-E.html] sent to =>gajeun.lee@gmail.com 
A mail[OB-E.html] sent to =>aerinjungmin@gmail.com 
A mail[OB-K.html] sent to =>ojh8658@nate.com 
A mail[OB-K.html] sent to =>pinnara@naver.com 
A mail[OB-K.html] sent to =>hobanbird@gmail.com 
A mail[OB-E.html] sent to =>iiimkicky@gmail.com 
A mail[OB-K.html] sent to =>heeokkim7@gmail.com 
A mail[OB-K.html] sent to =>124011@gmail.com 
A mail[OB-E.html] sent to =>emilycinnamon@hotmail.com 
A mail[OB-K.html] sent to =>carstelling@naver.com 
A mail[OB-E.html] sent to =>romainbartolo1@gmail.com 
A mail[OB-K.html] sent to =>j.ypark0620@hotmail.com 
A mail[OB-K.html] sent to =>eso_orb@naver.com 
A mail[OB-E.html] sent to =>mikebell.mr@gmail.com 
A mail[OB-E.html] sent to =>mike.bell@dentsuaegis.com 
A mail[OB-E.html] sent to =>edmund_cyr@yahoo.com.sg 
A mail[OB-K.html] sent to =>rlwn7181@naver.com 
A mail[OB-E.html] sent to =>dariosciuto@hotmail.it 
A mail[OB-K.html] sent to =>uniquem@naver.com 
A mail[OB-E.html] sent to =>jackyjoo1980@yahoo.com 
A mail[OB-E.html] sent to =>oculus_ray@yahoo.com 
A mail[OB-K.html] sent to =>rina0212@naver.com 
A mail[OB-K.html] sent to =>transcopic104@gmail.com 
A mail[OB-K.html] sent to =>camster@empal.com 
A mail[OB-K.html] sent to =>sanghwan@kookmin.ac.kr 
A mail[OB-K.html] sent to =>nmc42945@pisls.com 
A mail[OB-E.html] sent to =>takaokanda0809@gmail.com 
A mail[OB-K.html] sent to =>yoojy426@naver.com 
A mail[OB-K.html] sent to =>21terry@hanmail.net 
A mail[OB-K.html] sent to =>joonyoung90@gmail.com 
A mail[OB-E.html] sent to =>dustonrwright_1994@hotmail.com 
A mail[OB-E.html] sent to =>alfred.delvecchio@gmail.com 
A mail[OB-E.html] sent to =>camencel@email.arizona.edu 
A mail[OB-E.html] sent to =>jpowe13@gmail.com 
A mail[OB-E.html] sent to =>rainer.rippe@gmail.com 
A mail[OB-E.html] sent to =>goyangee0118@gmail.com 
A mail[OB-E.html] sent to =>eunice.eunjoo@gmail.com 
A mail[OB-K.html] sent to =>nahyun2922@gmail.com 
A mail[OB-K.html] sent to =>dhoon2003@hotmail.com 
A mail[OB-K.html] sent to =>kajoon20@gmail.com 
A mail[OB-E.html] sent to =>danmahl@yahoo.com 
A mail[OB-K.html] sent to =>seun0929@gmail.com 
A mail[OB-E.html] sent to =>livethemusic@comcast.net 
A mail[OB-K.html] sent to =>yungjin@dreamwiz.com 
A mail[OB-E.html] sent to =>minsuk100@hotmail.com 
A mail[OB-K.html] sent to =>kmmin7673@gmail.com 
A mail[OB-E.html] sent to =>peter.kupfer@gmx.de 
A mail[OB-E.html] sent to =>junyoungkwon@hotmail.com 
A mail[OB-K.html] sent to =>zephyrus1984@gmail.com 
A mail[OB-E.html] sent to =>jmbrianlee@hotmail.com 
A mail[OB-K.html] sent to =>jmbrianlee@hotmail.com 
A mail[OB-K.html] sent to =>hyukzoo@gmail.com 
A mail[OB-K.html] sent to =>wychoi0709@gmail.com 
A mail[OB-K.html] sent to =>parkrath@hotmail.com 
A mail[OB-K.html] sent to =>lovesome09@nate.com 
A mail[OB-E.html] sent to =>egeve23@gmail.com 
A mail[OB-K.html] sent to =>eliath2@gmail.com 
A mail[OB-E.html] sent to =>cairnsyc@googlemail.com 
A mail[OB-K.html] sent to =>dlite77@naver.com 
A mail[OB-K.html] sent to =>sjeongeun@naver.com 
A mail[OB-E.html] sent to =>robin.deblangy@hotmail.fr 
A mail[OB-K.html] sent to =>ljoz6@naver.com 
A mail[OB-E.html] sent to =>curdsanghyun@gmail.com 
A mail[OB-K.html] sent to =>4040rpm@naver.com 
A mail[OB-K.html] sent to =>rnrhdsla@naver.com 
A mail[OB-E.html] sent to =>circexec@gmail.com 
A mail[OB-E.html] sent to =>kmart0087@yahoo.com 
A mail[OB-K.html] sent to =>boki1031@naver.com 
A mail[OB-K.html] sent to =>cc0623700992@naver.com 
A mail[OB-K.html] sent to =>choiy562@newschool.edu 
A mail[OB-K.html] sent to =>lsys1012@gmail.com 
A mail[OB-E.html] sent to =>jcdrew63@gmail.com 
A mail[OB-E.html] sent to =>smm.miros@gmail.com 
A mail[OB-E.html] sent to =>h_pirkkalainen@hotmail.com 
A mail[OB-E.html] sent to =>delricks@gmail.com 
A mail[OB-K.html] sent to =>maestrokwon89@gmail.com 
A mail[OB-E.html] sent to =>lena.abuelfailat@googlemail.com 
A mail[OB-K.html] sent to =>dbswoss03@naver.com 
A mail[OB-E.html] sent to =>dorotea.deshishku@gmail.com 
A mail[OB-K.html] sent to =>yunmi45@hotmail.com 
A mail[OB-K.html] sent to =>iceholic@naver.com 
A mail[OB-E.html] sent to =>pattsun@gmail.com 
A mail[OB-K.html] sent to =>soobinstar1@naver.com 
A mail[OB-E.html] sent to =>nathanmackenzie@gmail.com 
A mail[OB-E.html] sent to =>ajax0615@gmail.com 
A mail[OB-K.html] sent to =>k.foxdiary@gmail.com 
A mail[OB-K.html] sent to =>kdsm00206@naver.com 
A mail[OB-K.html] sent to =>hinddung@gmail.com 
A mail[OB-K.html] sent to =>vand12@naver.com 
A mail[OB-K.html] sent to =>yisn@nate.com 
A mail[OB-E.html] sent to =>dmswltks@naver.com 
A mail[OB-K.html] sent to =>hong1204@naver.com 
A mail[OB-E.html] sent to =>jennyk3p@naver.com 
A mail[OB-E.html] sent to =>hglockner@yahoo.de 
A mail[OB-E.html] sent to =>nextcycle.rudolph@gmail.com 
A mail[OB-E.html] sent to =>thanh.pt.ng@gmail.com 
A mail[OB-K.html] sent to =>khan25250@naver.com 
A mail[OB-E.html] sent to =>clubman1976@gmail.com 
A mail[OB-K.html] sent to =>fashion018@naver.com 
A mail[OB-K.html] sent to =>kty4770@nate.com 
A mail[OB-E.html] sent to =>w2lcome@nate.com 
A mail[OB-K.html] sent to =>kkm425@hotmail.com 
A mail[OB-K.html] sent to =>goodhioh@paran.com 
A mail[OB-E.html] sent to =>eugene@yurtaev.me 
A mail[OB-K.html] sent to =>sehyeong.yeom@rischool.org 
A mail[OB-E.html] sent to =>alfonsog.93@hotmail.com 
A mail[OB-K.html] sent to =>vb22@naver.com 
A mail[OB-K.html] sent to =>dakiis@nate.com 
A mail[OB-K.html] sent to =>bylee002@naver.com 
A mail[OB-K.html] sent to =>kyung@mashupangels.com 
A mail[OB-K.html] sent to =>kodaesoo@naver.com 
A mail[OB-K.html] sent to =>withzin@gmail.com 
A mail[OB-K.html] sent to =>lhwpro@gmail.com 
A mail[OB-E.html] sent to =>melodytvxq0126@gmail.com 
A mail[OB-K.html] sent to =>kimdh1369@naver.com 
A mail[OB-E.html] sent to =>sunha0430@gmail.com 
A mail[OB-K.html] sent to =>ade21@naver.com 
A mail[OB-E.html] sent to =>narae824@naver.com 
A mail[OB-E.html] sent to =>elvislimkw@hotmail.com 
A mail[OB-E.html] sent to =>sunwoonam1106@gmail.com 
A mail[OB-K.html] sent to =>ssongee427@gmail.com 
A mail[OB-K.html] sent to =>ksongh@hanmail.net 
A mail[OB-K.html] sent to =>sunjae020@naver.com 
A mail[OB-E.html] sent to =>fluffymonsters@hotmail.com 
A mail[OB-K.html] sent to =>kdwfranky@hotmail.com 
A mail[OB-E.html] sent to =>xietangofficial@gmail.com 
A mail[OB-K.html] sent to =>yn0724@outlook.com 
A mail[OB-K.html] sent to =>lovetpdud02@naver.com 
A mail[OB-E.html] sent to =>jhyeon3601@gmail.com 
A mail[OB-E.html] sent to =>chank0807@gmail.com 
A mail[OB-E.html] sent to =>yuni360@naver.com 
A mail[OB-E.html] sent to =>daltonko7268@gmail.com 
A mail[OB-E.html] sent to =>cclee4@gmail.com 
A mail[OB-K.html] sent to =>singleflower@naver.com 
A mail[OB-K.html] sent to =>stch3@hotmail.com 
A mail[OB-K.html] sent to =>urusaurusa@gmail.com 
A mail[OB-K.html] sent to =>pjm1121@nate.com 
A mail[OB-K.html] sent to =>malan0000@126.com 
A mail[OB-K.html] sent to =>yongkeun.oh@gmail.com 
A mail[OB-K.html] sent to =>psglory@naver.com 
A mail[OB-E.html] sent to =>zen.ekkathattanan@gmail.com 
A mail[OB-E.html] sent to =>steve@sol7.com 
A mail[OB-K.html] sent to =>parksungjin7179@gmail.com 
A mail[OB-K.html] sent to =>qwyash@naver.com 
A mail[OB-K.html] sent to =>sunjung-4660@hanmail.net 
A mail[OB-E.html] sent to =>clementino.tangerino@gmail.com 
A mail[OB-E.html] sent to =>tom_mcgoldrick@hotmail.com 
A mail[OB-K.html] sent to =>kelly0903@naver.com 
A mail[OB-E.html] sent to =>silvercatko@nate.com 
A mail[OB-K.html] sent to =>tiger2322@hanmail.net 
A mail[OB-K.html] sent to =>xmkgfm@live.co.kr 
A mail[OB-K.html] sent to =>kimberly5558@naver.com 
A mail[OB-K.html] sent to =>cda_6666@hotmail.com 
A mail[OB-E.html] sent to =>fight_datenote_epilogue@hotmail.com 
A mail[OB-E.html] sent to =>basunosuke@hotmail.com 
A mail[OB-E.html] sent to =>lollipop12321@gmail.com 
A mail[OB-E.html] sent to =>aakbota@mail.ru 
A mail[OB-K.html] sent to =>harrotkim@gmail.com 
A mail[OB-K.html] sent to =>bluepeal91@gmail.com 
A mail[OB-E.html] sent to =>christy.coolchristina@gmail.com 
A mail[OB-E.html] sent to =>av.vadayounglee@gmail.com 
A mail[OB-E.html] sent to =>dopiest@gmail.com 
A mail[OB-E.html] sent to =>bominko@nate.com 
A mail[OB-K.html] sent to =>ysh949@naver.com 
A mail[OB-K.html] sent to =>roxie0820@naver.com 
A mail[OB-K.html] sent to =>lke1004cpt@kaist.ac.kr 
A mail[OB-K.html] sent to =>godykslhb@hotmail.com 
A mail[OB-E.html] sent to =>jinhyung.gong@gmail.com 
A mail[OB-K.html] sent to =>fineyum@naver.com 
A mail[OB-E.html] sent to =>juwonni@gmail.com 
A mail[OB-E.html] sent to =>esuh@berklee.edu 
A mail[OB-E.html] sent to =>kp_dohi@hotmail.com 
A mail[OB-E.html] sent to =>v--___--v@hotmail.com 
A mail[OB-E.html] sent to =>leia.shin@outlook.com 
A mail[OB-K.html] sent to =>saydot@naver.com 
A mail[OB-K.html] sent to =>omk3090@naver.com 
A mail[OB-K.html] sent to =>kimbkkngsh@gmail.com 
A mail[OB-K.html] sent to =>km4rang@hanmail.net 
A mail[OB-K.html] sent to =>dpdud89@naver.com 
A mail[OB-K.html] sent to =>loveoik@naver.com 
A mail[OB-K.html] sent to =>anyumi0526@naver.com 
A mail[OB-K.html] sent to =>cronos33@naver.com 
A mail[OB-K.html] sent to =>chadolpapa@msn.com 
A mail[OB-K.html] sent to =>syoo16@daum.net 
A mail[OB-E.html] sent to =>soleejan91@gmail.com 
A mail[OB-K.html] sent to =>hanry0919@naver.com 
A mail[OB-E.html] sent to =>won.young.choi23@gmail.com 
A mail[OB-E.html] sent to =>reza_dodar@yahoo.com 
A mail[OB-K.html] sent to =>khh0083@hanmail.net 
A mail[OB-K.html] sent to =>iloveroch@gmail.com 
A mail[OB-E.html] sent to =>naomi.goddard@hotmail.com 
A mail[OB-E.html] sent to =>muniska_2004@mail.ru 
A mail[OB-K.html] sent to =>sohn.jinseung@gmail.com 
A mail[OB-K.html] sent to =>ysj4896@gmail.com 
A mail[OB-E.html] sent to =>ayaoka_1117@msn.com 
A mail[OB-K.html] sent to =>ahnyujin1@gmail.com 
A mail[OB-E.html] sent to =>justinyokoi@yahoo.com 
A mail[OB-E.html] sent to =>mth517@gmail.com 
A mail[OB-K.html] sent to =>9215891@gmail.com 
A mail[OB-K.html] sent to =>rngus9069@naver.com 
A mail[OB-K.html] sent to =>chengel2@naver.com 
A mail[OB-K.html] sent to =>hoony623@gmail.com 
A mail[OB-E.html] sent to =>cfasse@gmail.com 
A mail[OB-K.html] sent to =>johnyohlee@gmail.com 
A mail[OB-K.html] sent to =>liberty0403@naver.com 
A mail[OB-E.html] sent to =>liberty0403@naver.com 
A mail[OB-K.html] sent to =>piaflover@hanmail.net 
A mail[OB-K.html] sent to =>estherk78@naver.com 
A mail[OB-E.html] sent to =>nikiforov.andrei@gmail.com 
A mail[OB-K.html] sent to =>yjb2@georgetown.edu 
A mail[OB-K.html] sent to =>axcod12@naver.com 
A mail[OB-K.html] sent to =>pseol1027@naver.com 
A mail[OB-E.html] sent to =>eunhyunghwang2011@u.northwestern.edu 
A mail[OB-K.html] sent to =>-0-sun-0-a@hanmail.net 
A mail[OB-E.html] sent to =>sejin15@gmail.com 
A mail[OB-E.html] sent to =>kaisar_nalayev94@mail.ru 
A mail[OB-K.html] sent to =>beatlifedm@gmail.com 
A mail[OB-K.html] sent to =>opo1220@nate.com 
A mail[OB-K.html] sent to =>esfp4@hanmail.net 
A mail[OB-K.html] sent to =>mmyn2437@yahoo.com 
A mail[OB-K.html] sent to =>doyunkims@gmail.com 
A mail[OB-K.html] sent to =>i591004@naver.com 
A mail[OB-K.html] sent to =>ss0044@hanmail.net 
A mail[OB-E.html] sent to =>v.gil@hotmail.fr 
A mail[OB-K.html] sent to =>hyojeong9379@gmail.com 
A mail[OB-K.html] sent to =>kodae0@naver.com 
A mail[OB-E.html] sent to =>jungjookim@ymail.com 
A mail[OB-E.html] sent to =>victor.ruano@gmail.com 
A mail[OB-K.html] sent to =>warrek@naver.com 
A mail[OB-K.html] sent to =>treeplace82@naver.com 
A mail[OB-E.html] sent to =>yyou@mit.edu 
A mail[OB-K.html] sent to =>hong2478@yahoo.com 
A mail[OB-E.html] sent to =>mary1131@hanmail.net 
A mail[OB-E.html] sent to =>puma.toe@gmail.com 
A mail[OB-K.html] sent to =>johnhkwon@gmail.com 
A mail[OB-E.html] sent to =>minaly@amerzonik.com 
A mail[OB-K.html] sent to =>122jane@hanmail.net 
A mail[OB-E.html] sent to =>enzosmithteacher@gmail.com 
A mail[OB-E.html] sent to =>gabrieledemaestri@yahoo.it 
A mail[OB-E.html] sent to =>tommiex@gmail.com 
A mail[OB-E.html] sent to =>imyoung.do7@gmail.com 
A mail[OB-K.html] sent to =>k151515@naver.com 
A mail[OB-E.html] sent to =>apriltang.taurusbabe@gmail.com 
A mail[OB-K.html] sent to =>mingha88@yahoo.com 
A mail[OB-E.html] sent to =>erikmulderibs@hotmail.com 
A mail[OB-E.html] sent to =>b.rasker@axivate.com 
A mail[OB-E.html] sent to =>mail@ramondeklein.nl 
A mail[OB-E.html] sent to =>heartycynic@gmail.com 
A mail[OB-K.html] sent to =>thankshy@gmail.com 
A mail[OB-E.html] sent to =>miho_1012_58@yahoo.co.jp 
A mail[OB-E.html] sent to =>frank.eifer@gmx.de 
A mail[OB-E.html] sent to =>kim79usc@gmail.com 
A mail[OB-E.html] sent to =>iamsuperja242@yahoo.com 
A mail[OB-K.html] sent to =>jake@jobplanet.com 
A mail[OB-K.html] sent to =>kb.park.goodman@gmail.com 
A mail[OB-K.html] sent to =>cyh89@naver.com 
A mail[OB-K.html] sent to =>sonakn0929@gmail.com 
A mail[OB-E.html] sent to =>matthewselz@gmail.com 
A mail[OB-E.html] sent to =>korykaunisto@gmail.com 
A mail[OB-E.html] sent to =>cobbcho@gmail.com 
A mail[OB-E.html] sent to =>b.krahe@t-online.de 
A mail[OB-K.html] sent to =>ssugy08@naver.com 
A mail[OB-E.html] sent to =>sandeepgrover21@gmail.com 
A mail[OB-K.html] sent to =>realcrisis@naver.com 
A mail[OB-E.html] sent to =>y1011won@gmail.com 
A mail[OB-E.html] sent to =>blackium8@gmail.com 
A mail[OB-E.html] sent to =>ny11360@gmail.com 
A mail[OB-K.html] sent to =>altglas@naver.com 
A mail[OB-K.html] sent to =>kuru5972@gmail.com 
A mail[OB-K.html] sent to =>pure_swan@naver.com 
A mail[OB-K.html] sent to =>ruthin76@yuhs.ac 
A mail[OB-K.html] sent to =>tokinim@gmail.com 
A mail[OB-K.html] sent to =>9109kkk@naver.com 
A mail[OB-E.html] sent to =>stephen.m.bappert@gmail.com 
A mail[OB-K.html] sent to =>elinjang@hotmail.com 
A mail[OB-E.html] sent to =>tommckeand@hotmail.com 
A mail[OB-E.html] sent to =>nicksaady@tpg.com.au 
A mail[OB-E.html] sent to =>chk110@naver.com 
A mail[OB-E.html] sent to =>piercey79@hotmail.com 
A mail[OB-K.html] sent to =>jgoolee@yahoo.co.kr 
A mail[OB-E.html] sent to =>railya.usnadinkyzy@gmail.com 
A mail[OB-E.html] sent to =>terryeum@gmail.com 
A mail[OB-E.html] sent to =>bryanchi7@yahoo.com 
A mail[OB-K.html] sent to =>bryanchi7@yahoo.com 
A mail[OB-E.html] sent to =>saemikoller@hotmail.com 
A mail[OB-K.html] sent to =>rmnatural@naver.com 
A mail[OB-K.html] sent to =>sjk829@naver.com 
A mail[OB-E.html] sent to =>muller_caro@hotmail.fr 
A mail[OB-K.html] sent to =>shaneoh@yahoo.com 
A mail[OB-K.html] sent to =>lucypel@naver.com 
A mail[OB-E.html] sent to =>joseph.tsou1125@gmail.com 
A mail[OB-E.html] sent to =>marcosaks82008@hotmail.com 
A mail[OB-E.html] sent to =>brand0505@gmail.com 
A mail[OB-E.html] sent to =>bella_nastasia@mail.ru 
A mail[OB-K.html] sent to =>mind_control@nate.com 
A mail[OB-K.html] sent to =>babo307@skku.edu 
A mail[OB-E.html] sent to =>lauragreer1@gmail.com 
A mail[OB-K.html] sent to =>ortho119@daum.net 
A mail[OB-K.html] sent to =>sunghan.shin@gmail.com 
A mail[OB-K.html] sent to =>pch3527@hanmail.net 
A mail[OB-K.html] sent to =>96paul@naver.com 
A mail[OB-K.html] sent to =>jiwonie.k@gmail.com 
A mail[OB-K.html] sent to =>impressive00@naver.com 
A mail[OB-K.html] sent to =>lds0711@hanmail.net 
A mail[OB-E.html] sent to =>geunyoung1224@i.softbank.jp 
A mail[OB-E.html] sent to =>yuus2@i.softbank.jp 
A mail[OB-E.html] sent to =>maxhaahr@hotmail.com 
A mail[OB-E.html] sent to =>alexey.r@mail.ru 
A mail[OB-E.html] sent to =>001vvp@gmail.com 
A mail[OB-K.html] sent to =>jhkim@naver.com 
A mail[OB-K.html] sent to =>thsgus@gmail.com 
A mail[OB-K.html] sent to =>sharronlynn10821@outlook.com 
A mail[OB-E.html] sent to =>frankimus@gmail.com 
A mail[OB-E.html] sent to =>jinsuyan@yahoo.com 
A mail[OB-K.html] sent to =>lsoyeon33@naver.com 
A mail[OB-E.html] sent to =>devinjansen@hotmail.com 
A mail[OB-K.html] sent to =>bright38@naver.com 
A mail[OB-K.html] sent to =>chocola1129@naver.com 
A mail[OB-K.html] sent to =>sungbin8688@gmail.com 
A mail[OB-K.html] sent to =>dwr6028@naver.com 
A mail[OB-E.html] sent to =>joshualmiller87@gmail.com 
A mail[OB-E.html] sent to =>techmashchaos@gmail.com 
A mail[OB-E.html] sent to =>d.camas@gmail.com 
A mail[OB-E.html] sent to =>benjamindwaters@gmail.com 
A mail[OB-K.html] sent to =>blahblahjm2@gmail.com 
A mail[OB-K.html] sent to =>bbbbbshot@gmail.com 
A mail[OB-K.html] sent to =>lb1011@naver.com 
A mail[OB-K.html] sent to =>waw79@naver.com 
A mail[OB-K.html] sent to =>cminjeong@naver.com 
A mail[OB-E.html] sent to =>emi.salvador20@gmail.com 
A mail[OB-K.html] sent to =>ms-flora@hanmail.net 
A mail[OB-E.html] sent to =>anichowski.1@osu.edu 
A mail[OB-E.html] sent to =>jkwon09@hotmail.com 
A mail[OB-E.html] sent to =>stellakwon28@yahoo.com 
A mail[OB-K.html] sent to =>pdmoon07@gmail.com 
A mail[OB-K.html] sent to =>iiiiib@paran.com 
A mail[OB-E.html] sent to =>andyseo1209@hotmail.com 
A mail[OB-K.html] sent to =>nlove_128@hotmail.com 
A mail[OB-K.html] sent to =>kpoly95@paran.com 
A mail[OB-K.html] sent to =>ihtkfkd@gmail.com 
A mail[OB-E.html] sent to =>daveosei@gmail.com 
A mail[OB-E.html] sent to =>jaewoo.ha@gmail.com 
A mail[OB-K.html] sent to =>kimura36@naver.com 
A mail[OB-E.html] sent to =>sylvainbn1@gmail.com 
A mail[OB-K.html] sent to =>motor5@nate.com 
A mail[OB-K.html] sent to =>gun2y-@hanmail.net 
A mail[OB-K.html] sent to =>ukse1@hanmail.net 
A mail[OB-K.html] sent to =>ambersim.kim@gmail.com 
A mail[OB-E.html] sent to =>lalajy@gmail.com 
A mail[OB-E.html] sent to =>jeff.leisey@falconjet.com 
A mail[OB-E.html] sent to =>ry12@softbank.ne.jp 
A mail[OB-K.html] sent to =>asuturia@naver.com 
A mail[OB-E.html] sent to =>douglas_bellin@yahoo.com 
A mail[OB-E.html] sent to =>robertdrz@live.com.au 
A mail[OB-K.html] sent to =>dlsnakfn01@naver.com 
A mail[OB-E.html] sent to =>rika9@naver.com 
A mail[OB-K.html] sent to =>ippngirl92@naver.com 
A mail[OB-K.html] sent to =>yongjin.yoon@gmail.com 
A mail[OB-E.html] sent to =>potemkinee@hotmail.fr 
A mail[OB-K.html] sent to =>shenqwan@gmail.com 
A mail[OB-K.html] sent to =>borahlim@paran.com 
A mail[OB-K.html] sent to =>jihyunbeom@gmail.com 
A mail[OB-K.html] sent to =>xcreate1@gmail.com 
A mail[OB-K.html] sent to =>clswjf0323@naver.com 
A mail[OB-E.html] sent to =>samanthahodgett@gmail.com 
A mail[OB-K.html] sent to =>mipi0606@naver.com 
A mail[OB-K.html] sent to =>ceciliapark8950@gmail.com 
A mail[OB-K.html] sent to =>minu0803@naver.com 
A mail[OB-K.html] sent to =>khijn128@naver.com 
A mail[OB-K.html] sent to =>hbjang98@naver.com 
A mail[OB-E.html] sent to =>koyu1216@yahoo.com 
A mail[OB-K.html] sent to =>dlsksthf@naver.com 
A mail[OB-K.html] sent to =>pighair@gmail.com 
A mail[OB-K.html] sent to =>burnade@naver.com 
A mail[OB-E.html] sent to =>c3090035@uon.edu.au 
A mail[OB-K.html] sent to =>nangdol2@naver.com 
A mail[OB-E.html] sent to =>vesper1005@nate.com 
A mail[OB-E.html] sent to =>hydy425@gmail.com 
A mail[OB-K.html] sent to =>chwct@nate.com 
A mail[OB-E.html] sent to =>starlet100uk@hotmail.com 
A mail[OB-E.html] sent to =>rockstargrl22@yahoo.com 
A mail[OB-E.html] sent to =>sm-nprince@hotmail.com 
A mail[OB-K.html] sent to =>yujin.kang@intoglobal.com 
A mail[OB-K.html] sent to =>thomas.suh@into.uk.com 
A mail[OB-K.html] sent to =>minju721@naver.com 
A mail[OB-K.html] sent to =>82gunbbang@naver.com 
A mail[OB-K.html] sent to =>dongyoung.ioi@gmail.com 
A mail[OB-K.html] sent to =>steve.kim96@gmail.com 
A mail[OB-E.html] sent to =>jenntom12@yahoo.com.au 
A mail[OB-K.html] sent to =>shine_ss@naver.com 
A mail[OB-K.html] sent to =>hyosun.choi@lge.com 
A mail[OB-E.html] sent to =>cuteshanshan1207@hotmail.com 
A mail[OB-K.html] sent to =>rebekah_kjh@hotmail.com 
A mail[OB-E.html] sent to =>sonalirehil99@gmail.com 
A mail[OB-E.html] sent to =>rajwantssran@ucla.edu 
A mail[OB-K.html] sent to =>saeheelee97@naver.com 
A mail[OB-E.html] sent to =>maximize0@gmail.com 
A mail[OB-K.html] sent to =>disjwhgek@naver.com 
A mail[OB-E.html] sent to =>ifiaka@yahoo.com 
A mail[OB-E.html] sent to =>sjprep1714@gmail.com 
A mail[OB-E.html] sent to =>glennp69@comcast.net 
A mail[OB-K.html] sent to =>hyunsora@naver.com 
A mail[OB-E.html] sent to =>a.hannah.seo@gmail.com 
A mail[OB-K.html] sent to =>jhwise@hotmail.com 
A mail[OB-K.html] sent to =>danny35-_-v@hanmail.net 
A mail[OB-K.html] sent to =>dlalgp311@naver.com 
A mail[OB-K.html] sent to =>jypeaceb@hotmail.com 
A mail[OB-K.html] sent to =>hey_hoho@hotmail.com 
A mail[OB-K.html] sent to =>sarsu14@nate.com 
A mail[OB-E.html] sent to =>yoomi77@hotmail.com 
A mail[OB-E.html] sent to =>vachtas@gmail.com 
A mail[OB-E.html] sent to =>natan.avidan@gmail.com 
A mail[OB-K.html] sent to =>yjswolf@empal.com 
A mail[OB-K.html] sent to =>m2mkky@naver.com 
A mail[OB-K.html] sent to =>bigwill__@hotmail.com 
A mail[OB-E.html] sent to =>borori1@naver.com 
A mail[OB-K.html] sent to =>ehoh@puc.edu 
A mail[OB-E.html] sent to =>landreyka1@gmail.com 
A mail[OB-E.html] sent to =>landreyka1@gmail.com 
A mail[OB-K.html] sent to =>shinhyeyeong@naver.com 
A mail[OB-K.html] sent to =>philius-@hanmail.net 
A mail[OB-K.html] sent to =>kimsenghyun@naver.com 
A mail[OB-K.html] sent to =>winlim52@naver.com 
A mail[OB-E.html] sent to =>pra-jan@hotmail.com 
A mail[OB-K.html] sent to =>eyuksa@naver.com 
A mail[OB-E.html] sent to =>simonelinsabc@yahoo.com.br 
A mail[OB-E.html] sent to =>ticthim@yahoo.com.br 
A mail[OB-E.html] sent to =>ave_@hotmail.it 
A mail[OB-E.html] sent to =>kasian89@hotmail.com 
A mail[OB-E.html] sent to =>ianis17@hotmail.com 
A mail[OB-E.html] sent to =>m_goumgoom@yahoo.fr 
A mail[OB-K.html] sent to =>yeeoo000@naver.com 
A mail[OB-K.html] sent to =>hyukone1234@naver.com 
A mail[OB-E.html] sent to =>jpper@umich.edu 
A mail[OB-K.html] sent to =>water-is@hanmail.net 
A mail[OB-E.html] sent to =>h_codaro@hotmail.com 
A mail[OB-E.html] sent to =>diwille@hotmail.fr 
A mail[OB-K.html] sent to =>suhyun180@naver.com 
A mail[OB-K.html] sent to =>soomi_pp@naver.com 
A mail[OB-K.html] sent to =>choi0w@naver.com 
A mail[OB-E.html] sent to =>yenncolanggo@gmail.com 
A mail[OB-E.html] sent to =>katharine.rudnik@connect.qut.edu.au 
A mail[OB-K.html] sent to =>g2jh2@nate.com 
A mail[OB-K.html] sent to =>mentorbaek@gmail.com 
A mail[OB-E.html] sent to =>carly_merrett@hotmail.com 
A mail[OB-K.html] sent to =>jeongku.choi@gmail.com 
A mail[OB-K.html] sent to =>luna8366@naver.com 
A mail[OB-E.html] sent to =>campionissimo76@gmail.com 
A mail[OB-E.html] sent to =>dj-whiteline@mail.ru 
A mail[OB-E.html] sent to =>davidber@hotmail.it 
A mail[OB-K.html] sent to =>chemie01@hotmail.com 
A mail[OB-E.html] sent to =>lnieuwoudt@gmail.com 
A mail[OB-K.html] sent to =>plusyplusme@naver.com 
A mail[OB-E.html] sent to =>mpurplish@yahoo.com 
A mail[OB-K.html] sent to =>jeonkh0330@hotmail.com 
A mail[OB-K.html] sent to =>soonysyndrome@gmail.com 
A mail[OB-E.html] sent to =>davemcaleer1@hotmail.com 
A mail[OB-E.html] sent to =>katie.ford28@googlemail.com 
A mail[OB-E.html] sent to =>sarah58@naver.com 
A mail[OB-K.html] sent to =>wjsblue777@hanmail.net 
A mail[OB-K.html] sent to =>leejnen@naver.com 
A mail[OB-E.html] sent to =>lulu2675@yahoo.com 
A mail[OB-E.html] sent to =>josh.tweedie@hotmail.co.uk 
A mail[OB-E.html] sent to =>jamie.ramsey@gmail.com 
A mail[OB-E.html] sent to =>kekamaria-22@hotmail.com 
A mail[OB-E.html] sent to =>hngmoon@gmail.com 
A mail[OB-K.html] sent to =>zackals@naver.com 
A mail[OB-E.html] sent to =>cardillo5@verizon.net 
A mail[OB-K.html] sent to =>robinstar2@naver.com 
A mail[OB-K.html] sent to =>lgyoung23@naver.com 
A mail[OB-K.html] sent to =>1997jmg@naver.com 
A mail[OB-K.html] sent to =>idddj7770@nate.com 
A mail[OB-E.html] sent to =>thomasbuitrading@gmail.com 
A mail[OB-K.html] sent to =>dkdlf1111@naver.com 
A mail[OB-K.html] sent to =>jmc8665@naver.com 
A mail[OB-K.html] sent to =>joyoo0817@naver.com 
A mail[OB-K.html] sent to =>qorgysah@daum.net 
A mail[OB-K.html] sent to =>seobu1105@nate.com 
A mail[OB-E.html] sent to =>angel_gurl_892@yahoo.com 
A mail[OB-K.html] sent to =>yunji87@gmail.com 
A mail[OB-E.html] sent to =>songtan2007@hotmail.com 
A mail[OB-E.html] sent to =>josephsonguk@hotmail.com 
A mail[OB-K.html] sent to =>nadia417@nate.com 
A mail[OB-E.html] sent to =>foutydiop@yahoo.fr 
A mail[OB-E.html] sent to =>jspeckner@googlemail.com 
A mail[OB-E.html] sent to =>shinyoung9036@gmail.com 
A mail[OB-K.html] sent to =>cioh@etri.re.kr 
A mail[OB-K.html] sent to =>kshan@etri.re.kr 
A mail[OB-E.html] sent to =>vivi@mobvista.com 
A mail[OB-K.html] sent to =>jgjeong@gmail.com 
A mail[OB-E.html] sent to =>mjb460@aol.com 
A mail[OB-K.html] sent to =>kiddycoy@naver.com 
A mail[OB-K.html] sent to =>loveyoukachukachu@hotmail.com 
A mail[OB-E.html] sent to =>yakle1218@hotmail.com 
A mail[OB-E.html] sent to =>freebird1785@gmail.com 
A mail[OB-E.html] sent to =>ebird16@me.com 
A mail[OB-K.html] sent to =>paranari@naver.com 
A mail[OB-K.html] sent to =>buzz9246@naver.com 
A mail[OB-K.html] sent to =>gosisi77@gmail.com 
A mail[OB-K.html] sent to =>neinhart@gmail.com 
A mail[OB-K.html] sent to =>blueday0812@naver.com 
A mail[OB-E.html] sent to =>skotouzas10@jhubc.it 
A mail[OB-E.html] sent to =>megunbo@icloud.com 
A mail[OB-E.html] sent to =>larrylima1981@gmail.com 
A mail[OB-K.html] sent to =>yghms@hanmail.net 
A mail[OB-K.html] sent to =>haruggy@nate.com 
A mail[OB-K.html] sent to =>kju1999@gmail.com 
A mail[OB-E.html] sent to =>mchon501@gmail.com 
A mail[OB-K.html] sent to =>sukwang.shin@kipa.org 
A mail[OB-K.html] sent to =>yckwon1223@hanmail.net 
A mail[OB-K.html] sent to =>kingnz@naver.com 
A mail[OB-K.html] sent to =>wjdand1202@naver.com 
A mail[OB-K.html] sent to =>jule_12@nate.com 
A mail[OB-K.html] sent to =>riva128x@naver.com 
A mail[OB-E.html] sent to =>princett_sara_@hotmail.com 
A mail[OB-K.html] sent to =>heawon0910@naver.com 
A mail[OB-E.html] sent to =>yann.cueroni@gmail.com 
A mail[OB-K.html] sent to =>hanji0423@gmail.com 
A mail[OB-E.html] sent to =>happy.le@hotmail.com 
A mail[OB-K.html] sent to =>zuerst27@naver.com 
A mail[OB-K.html] sent to =>ruminic@naver.com 
A mail[OB-K.html] sent to =>geenyfree@naver.com 
A mail[OB-K.html] sent to =>syklllishz@gmail.com 
A mail[OB-E.html] sent to =>alpha.s3r@gmail.com 
A mail[OB-E.html] sent to =>an_zlot@bk.ru 
A mail[OB-K.html] sent to =>no5kaiser@naver.com 
A mail[OB-K.html] sent to =>dpdnjs8331@naver.com 
A mail[OB-E.html] sent to =>sjchoo@microsoft.com 
A mail[OB-E.html] sent to =>pinkangelcn@naver.com 
A mail[OB-K.html] sent to =>35castle@naver.com 
A mail[OB-K.html] sent to =>mkhy91@hanmail.net 
A mail[OB-K.html] sent to =>seankim0421@nate.com 
A mail[OB-K.html] sent to =>icejall29@nate.com 
A mail[OB-K.html] sent to =>joarkim77@gmail.com 
A mail[OB-K.html] sent to =>hong_kim@naver.com 
A mail[OB-K.html] sent to =>jack0504@naver.com 
A mail[OB-K.html] sent to =>dlrkdnjs19@hanmail.net 
A mail[OB-K.html] sent to =>doozzary@hanmail.net 
A mail[OB-K.html] sent to =>tonyk128@gmail.com 
A mail[OB-E.html] sent to =>kmfrisby@hotmail.co.uk 
A mail[OB-E.html] sent to =>daniel4man@gmail.com 
A mail[OB-K.html] sent to =>luna.et.stella@gmail.com 
A mail[OB-K.html] sent to =>dentapopi@hotmail.com 
A mail[OB-K.html] sent to =>icnase@hotmail.com 
A mail[OB-K.html] sent to =>ddongchiken@gmail.com 
A mail[OB-K.html] sent to =>sunghwan0286@gmail.com 
A mail[OB-E.html] sent to =>stigreeves21@hotmail.co.uk 
A mail[OB-E.html] sent to =>rainbow047@hotmail.com 
A mail[OB-K.html] sent to =>petitarte@hotmail.com 
A mail[OB-E.html] sent to =>remeon8114@nate.com 
A mail[OB-E.html] sent to =>rshephard1@hotmail.co.uk 
A mail[OB-E.html] sent to =>spencer.desmond@gmail.com 
A mail[OB-E.html] sent to =>diu60@live.ca 
A mail[OB-K.html] sent to =>cookiesholic@naver.com 
A mail[OB-K.html] sent to =>djdjsdj@gmail.com 
A mail[OB-E.html] sent to =>pweckl@gmail.com 
A mail[OB-E.html] sent to =>andykydd@gmail.com 
A mail[OB-K.html] sent to =>rudesign@naver.com 
A mail[OB-E.html] sent to =>cochenour16@gmail.com 
A mail[OB-E.html] sent to =>andy97@my.yorku.ca 
A mail[OB-E.html] sent to =>myhien.tran2281994@gmail.com 
A mail[OB-K.html] sent to =>skycij@naver.com 
A mail[OB-E.html] sent to =>colbykiener88@gmail.com 
A mail[OB-E.html] sent to =>tom.shao@me.com 
A mail[OB-K.html] sent to =>jeonghb-007@hotmail.com 
A mail[OB-K.html] sent to =>ptela2003@naver.com 
A mail[OB-K.html] sent to =>minsun0012@gmail.com 
A mail[OB-K.html] sent to =>sinaetmul@gmail.com 
A mail[OB-E.html] sent to =>kyuhong.h@gmail.com 
A mail[OB-E.html] sent to =>songyh1996@gmail.com 
A mail[OB-K.html] sent to =>synam58@gmail.com 
A mail[OB-K.html] sent to =>y2k@yonsei.ac.kr 
A mail[OB-E.html] sent to =>donghooyang@gmail.com 
A mail[OB-K.html] sent to =>jdha@krict.re.kr 
A mail[OB-K.html] sent to =>osh1601@hanmail.net 
A mail[OB-K.html] sent to =>plamango23@naver.com 
A mail[OB-E.html] sent to =>hongi.luo@gmail.com 
A mail[OB-K.html] sent to =>psu0109@nate.com 
A mail[OB-K.html] sent to =>cucuyes@gmail.com 
A mail[OB-E.html] sent to =>davystewart@yahoo.com 
A mail[OB-E.html] sent to =>saeed_boss@hotmail.com 
A mail[OB-K.html] sent to =>dozrol@nate.com 
A mail[OB-K.html] sent to =>dlgksk102030@naver.com 
A mail[OB-E.html] sent to =>greeda0214@gmail.com 
A mail[OB-K.html] sent to =>miaemiae@gmail.com 
A mail[OB-K.html] sent to =>sooeun.lee@gmail.com 
A mail[OB-K.html] sent to =>dominic.jg.lee@gmail.com 
A mail[OB-K.html] sent to =>dohan@skku.edu 
A mail[OB-K.html] sent to =>son8280@nate.com 
A mail[OB-E.html] sent to =>kzm_bash@mail.ru 
A mail[OB-E.html] sent to =>maggiepandalover@hotmail.com 
A mail[OB-K.html] sent to =>michelle1427@naver.com 
A mail[OB-K.html] sent to =>qqq0056@naver.com 
A mail[OB-K.html] sent to =>hanna9193@hanmail.net 
A mail[OB-K.html] sent to =>rebecca_shin@hotmail.com 
A mail[OB-E.html] sent to =>imxnutz4u@yahoo.com 
A mail[OB-K.html] sent to =>jongho.jang@doosan.com 
A mail[OB-K.html] sent to =>tjsdudgogo@naver.com 
A mail[OB-K.html] sent to =>kkyyee00@nate.com 
A mail[OB-K.html] sent to =>mwmj@hanmail.net 
A mail[OB-K.html] sent to =>ygeun@hanmail.net 
A mail[OB-K.html] sent to =>tomboyamy@naver.com 
A mail[OB-E.html] sent to =>akakwang@hotmail.com 
A mail[OB-K.html] sent to =>hafy1004@nate.com 
A mail[OB-E.html] sent to =>camillapic@gmail.com 
A mail[OB-E.html] sent to =>nkchockey77@gmail.com 
A mail[OB-K.html] sent to =>tina_heena@hotmail.com 
A mail[OB-K.html] sent to =>danny1222051@naver.com 
A mail[OB-K.html] sent to =>str33tl3g3nd727@aol.com 
A mail[OB-E.html] sent to =>galaxypeace@gmail.com 
A mail[OB-E.html] sent to =>ksfight85@gmail.com 
A mail[OB-K.html] sent to =>kyoungrock.kim@y-k.co.kr 
A mail[OB-E.html] sent to =>yungeun64@hotmail.com 
A mail[OB-E.html] sent to =>simonkang81@gmail.com 
A mail[OB-E.html] sent to =>ericshin2008@u.northwestern.edu 
A mail[OB-E.html] sent to =>gksruf5243@naver.com 
A mail[OB-K.html] sent to =>linus_jhsong@naver.com 
A mail[OB-K.html] sent to =>seoyeonkim0108@gmail.com 
A mail[OB-E.html] sent to =>sayamuraki@gmail.com 
A mail[OB-K.html] sent to =>esue0320@naver.com 
A mail[OB-K.html] sent to =>numberonekorean@hotmail.com 
A mail[OB-K.html] sent to =>cn0207@daum.net 
A mail[OB-K.html] sent to =>ksungtae88@naver.com 
A mail[OB-K.html] sent to =>sarang486s@naver.com 
A mail[OB-K.html] sent to =>dbgk0117@nate.com 
A mail[OB-K.html] sent to =>cjh2610@nate.com 
A mail[OB-K.html] sent to =>dugout@live.co.kr 
A mail[OB-K.html] sent to =>ahnxx127@umn.edu 
A mail[OB-E.html] sent to =>zeros106@hanmail.net 
A mail[OB-K.html] sent to =>juliaaa25@naver.com 
A mail[OB-K.html] sent to =>y_log@naver.com 
A mail[OB-K.html] sent to =>kh4187762@naver.com 
A mail[OB-K.html] sent to =>yhi0203@naver.com 
A mail[OB-K.html] sent to =>kindjinkee07@hanmail.net 
A mail[OB-K.html] sent to =>hangom92@hanmail.net 
A mail[OB-K.html] sent to =>heejun3482@hanmail.net 
A mail[OB-E.html] sent to =>ayanes@ajudar.es 
A mail[OB-E.html] sent to =>cdalbora147@gmail.com 
A mail[OB-E.html] sent to =>josephrmcgrath@aol.com 
A mail[OB-K.html] sent to =>thduda7@naver.com 
A mail[OB-E.html] sent to =>jb46@students.uwf.edu 
A mail[OB-K.html] sent to =>leegiveme@naver.com 
A mail[OB-K.html] sent to =>yoocheol@alumni.upenn.edu 
A mail[OB-E.html] sent to =>jnaughton107@gmail.com 
A mail[OB-K.html] sent to =>chogbon@gmail.com 
A mail[OB-E.html] sent to =>aykim1017@gmail.com 
A mail[OB-E.html] sent to =>mcho43@gmail.com 
A mail[OB-E.html] sent to =>dinakuzminyx@mail.ru 
A mail[OB-E.html] sent to =>supasita@gmail.com 
A mail[OB-K.html] sent to =>pwy2087@naver.com 
A mail[OB-K.html] sent to =>dedo3322@naver.com 
A mail[OB-K.html] sent to =>mgcho926@gmail.com 
A mail[OB-E.html] sent to =>narikim94@naver.com 
A mail[OB-K.html] sent to =>rmsidakr@nate.com 
A mail[OB-K.html] sent to =>tylerjang7@gmail.com 
A mail[OB-K.html] sent to =>wishurhere@hotmail.com 
A mail[OB-K.html] sent to =>mir111@sen.go.kr 
A mail[OB-K.html] sent to =>seaandikbg@nate.com 
A mail[OB-K.html] sent to =>najaaa@korea.com 
A mail[OB-E.html] sent to =>jeancjt@gmail.com 
A mail[OB-K.html] sent to =>wlgus6531@naver.com 
A mail[OB-E.html] sent to =>yasuo.ota@michelin.com 
A mail[OB-K.html] sent to =>pinklaboca@daum.net 
A mail[OB-E.html] sent to =>chiahung1004@hotmail.com 
A mail[OB-E.html] sent to =>danzy79@hotmail.com 
A mail[OB-K.html] sent to =>dbgus8821@naver.com 
A mail[OB-E.html] sent to =>bpark95@gmail.com 
A mail[OB-E.html] sent to =>n02454672@newpaltz.edu 
A mail[OB-K.html] sent to =>clever_91@naver.com 
A mail[OB-K.html] sent to =>moro010354@gmail.com 
A mail[OB-K.html] sent to =>dabin371@hanmail.net 
A mail[OB-K.html] sent to =>leesungmo415@naver.com 
A mail[OB-K.html] sent to =>younhye7400@nate.com 
A mail[OB-E.html] sent to =>littlejay_mb@yahoo.com 
A mail[OB-K.html] sent to =>coc0_0arr@naver.com 
A mail[OB-E.html] sent to =>willforder@hotmail.com 
A mail[OB-K.html] sent to =>tsiak76@daum.net 
A mail[OB-E.html] sent to =>jbryou@gmail.com 
A mail[OB-E.html] sent to =>millejes@gmail.com 
A mail[OB-K.html] sent to =>jchristyshin@gmail.com 
A mail[OB-K.html] sent to =>wizard2003@nate.com 
A mail[OB-E.html] sent to =>unkleme@gmail.com 
A mail[OB-K.html] sent to =>hsk1457@nate.com 
A mail[OB-K.html] sent to =>hwangsae91@naver.com 
A mail[OB-E.html] sent to =>ppoie99@gmail.com 
A mail[OB-K.html] sent to =>dudrjftm@naver.com 
A mail[OB-K.html] sent to =>a2nitwo@nate.com 
A mail[OB-E.html] sent to =>portika9@gmail.com 
A mail[OB-E.html] sent to =>jorgemauri14@hotmail.com 
A mail[OB-K.html] sent to =>royoon@catholic.ac.kr 
A mail[OB-K.html] sent to =>demonx@nate.com 
A mail[OB-E.html] sent to =>joer1995@hotmail.co.uk 
A mail[OB-E.html] sent to =>andyheather5412@gmail.com 
A mail[OB-E.html] sent to =>amritjassal@hotmail.co.uk 
A mail[OB-K.html] sent to =>tvxa.xiahbin0420@gmail.com 
A mail[OB-K.html] sent to =>yarn6722@naver.com 
A mail[OB-K.html] sent to =>chungjoonkim@gmail.com 
A mail[OB-E.html] sent to =>youngshin1@yahoo.com 
A mail[OB-E.html] sent to =>sarahakpotter@gmail.com 
A mail[OB-K.html] sent to =>foucalt@naver.com 
A mail[OB-E.html] sent to =>niftrbl.lko@gmail.com 
A mail[OB-K.html] sent to =>ready.8190@gmail.com 
A mail[OB-K.html] sent to =>wis1023@paran.com 
A mail[OB-K.html] sent to =>kjeanwon@hotmail.com 
A mail[OB-E.html] sent to =>livy_menghini101@hotmail.com 
A mail[OB-K.html] sent to =>jangwon.boo@sloan.mit.edu 
A mail[OB-K.html] sent to =>wackpeace@naver.com 
A mail[OB-E.html] sent to =>sonia.brightman@comcast.net 
A mail[OB-E.html] sent to =>mc3818@columbia.edu 
A mail[OB-E.html] sent to =>n.jidapa@gmail.com 
A mail[OB-E.html] sent to =>now8912@hotmail.com 
A mail[OB-K.html] sent to =>cherishkkh@naver.com 
A mail[OB-K.html] sent to =>psy14207@hanmail.net 
A mail[OB-K.html] sent to =>jl3475@nyu.edu 
A mail[OB-K.html] sent to =>korea-swb@hotmail.com 
A mail[OB-E.html] sent to =>johweelee@hotmail.com 
A mail[OB-K.html] sent to =>poong8@paran.com 
A mail[OB-K.html] sent to =>joonseokboo@daum.net 
A mail[OB-K.html] sent to =>yiso222@gmail.com 
A mail[OB-E.html] sent to =>arsenalndgirls4eva@hotmail.co.uk 
A mail[OB-E.html] sent to =>peteidm@googlemail.com 
A mail[OB-E.html] sent to =>kerotanuk@gmail.com 
A mail[OB-E.html] sent to =>wys0603@hotmail.com 
A mail[OB-K.html] sent to =>creechoi@naver.com 
A mail[OB-E.html] sent to =>ladymaeng.ashley@gmail.com 
A mail[OB-K.html] sent to =>tiper5@gmail.com 
A mail[OB-E.html] sent to =>casper.0612@ezweb.ne.jp 
A mail[OB-K.html] sent to =>twin7748@naver.com 
A mail[OB-K.html] sent to =>ruby717@naver.com 
A mail[OB-E.html] sent to =>segir@yandex.ru 
A mail[OB-E.html] sent to =>filshina@bk.ru 
A mail[OB-E.html] sent to =>parisinlove8@gmail.com 
A mail[OB-K.html] sent to =>bjh211@naver.com 
A mail[OB-E.html] sent to =>yeomin9300@gmail.com 
A mail[OB-K.html] sent to =>chung_wooj@hotmail.com 
A mail[OB-E.html] sent to =>winny_tjandra@hotmail.com 
A mail[OB-K.html] sent to =>jungkyoon@gmail.com 
A mail[OB-K.html] sent to =>ssssnnna@naver.com 
A mail[OB-K.html] sent to =>sierra.tequila.korea@gmail.com 
A mail[OB-E.html] sent to =>yeyeya419@yahoo.com 
A mail[OB-K.html] sent to =>douglaskingmin@gmail.com 
A mail[OB-E.html] sent to =>ryohei.0403@softbank.ne.jp 
A mail[OB-E.html] sent to =>takeshitaniura@gmail.com 
A mail[OB-E.html] sent to =>xmonkz@gmail.com 
A mail[OB-K.html] sent to =>znfcyzh@naver.com 
A mail[OB-K.html] sent to =>sinceta@hanmail.net 
A mail[OB-K.html] sent to =>schankim1052@gmail.com 
A mail[OB-E.html] sent to =>alex.spqr@inbox.ru 
A mail[OB-K.html] sent to =>yongari8@nate.com 
A mail[OB-E.html] sent to =>cirbow@gmail.com 
A mail[OB-E.html] sent to =>soblue365@hotmail.com 
A mail[OB-K.html] sent to =>uni2400@naver.com 
A mail[OB-E.html] sent to =>ionescu.ana_maria@yahoo.com 
A mail[OB-E.html] sent to =>neilscott217@hotmail.com 
A mail[OB-E.html] sent to =>motse21@yahoo.com 
A mail[OB-E.html] sent to =>jeannie.kang@gmail.com 
A mail[OB-K.html] sent to =>junwoo_suddenattack@yahoo.com 
A mail[OB-K.html] sent to =>cseog.ko@gmail.com 
A mail[OB-K.html] sent to =>gohj114@naver.com 
A mail[OB-K.html] sent to =>drum4life@naver.com 
A mail[OB-E.html] sent to =>ivan.anisimov@gmail.com 
A mail[OB-E.html] sent to =>translexog@hotmail.com 
A mail[OB-K.html] sent to =>cklim01@naver.com 
A mail[OB-K.html] sent to =>cmpl@hanmail.net 
A mail[OB-E.html] sent to =>idesigntoys@gmail.com 
A mail[OB-E.html] sent to =>adu_rando@hotmail.com 
A mail[OB-E.html] sent to =>wen_yu99@hotmail.com 
A mail[OB-E.html] sent to =>dubrovina.tania@gmail.com 
A mail[OB-E.html] sent to =>audrey.iriberri@gmail.com 
A mail[OB-K.html] sent to =>kellyparkpink@hotmail.com 
A mail[OB-E.html] sent to =>hcpkim@yahoo.com 
A mail[OB-K.html] sent to =>foren4012@gmail.com 
A mail[OB-K.html] sent to =>tje222@naver.com 
A mail[OB-K.html] sent to =>buildschool@hanmail.net 
A mail[OB-K.html] sent to =>psy2641@naver.com 
A mail[OB-E.html] sent to =>s960532@ee.yzu.edu.tw 
A mail[OB-K.html] sent to =>bruce@vtv.co.kr 
A mail[OB-E.html] sent to =>cpbocage@gwmail.gwu.edu 
A mail[OB-K.html] sent to =>mjeon461@gmail.com 
A mail[OB-E.html] sent to =>timonator7t@hotmail.com 
A mail[OB-K.html] sent to =>davinbok@gmail.com 
A mail[OB-K.html] sent to =>lovelyemily@hotmail.co.kr 
A mail[OB-K.html] sent to =>saver0216@hotmail.com 
A mail[OB-K.html] sent to =>jooae91@naver.com 
A mail[OB-E.html] sent to =>n.marriottx@gmail.com 
A mail[OB-E.html] sent to =>nicole.jankowski@hotmail.com 
A mail[OB-E.html] sent to =>damien.inderbitzin@hotmail.com 
A mail[OB-E.html] sent to =>mgliskey19@gmail.com 
A mail[OB-E.html] sent to =>lalocasillas@gmail.com 
A mail[OB-E.html] sent to =>elle_enid@outlook.com 
A mail[OB-E.html] sent to =>aimy257@hotmail.com 
A mail[OB-E.html] sent to =>0itachi1@gmail.com 
A mail[OB-E.html] sent to =>j.smith.04@aberdeen.ac.uk 
A mail[OB-K.html] sent to =>chiysong03@gmail.com 
A mail[OB-K.html] sent to =>myminimoni@naver.com 
A mail[OB-K.html] sent to =>joonghyun.baek@gmail.com 
A mail[OB-K.html] sent to =>hueol-kja@nate.com 
A mail[OB-E.html] sent to =>nipple_little@hotmail.com 
A mail[OB-K.html] sent to =>ssiru87@gmail.com 
A mail[OB-E.html] sent to =>samsuk25@gmail.com 
A mail[OB-E.html] sent to =>henrylane@gmail.com 
A mail[OB-K.html] sent to =>yhlee410@hanmail.net 
A mail[OB-E.html] sent to =>mariusng91@hotmail.com 
A mail[OB-E.html] sent to =>moffakristiansen1989@gmail.com 
A mail[OB-E.html] sent to =>danieldarmamulia@yahoo.com 
A mail[OB-K.html] sent to =>seonyeongbae1012@gmail.com 
A mail[OB-E.html] sent to =>jessicatheresia@gmail.com 
A mail[OB-K.html] sent to =>hongjunseon@gmail.com 
A mail[OB-E.html] sent to =>hyungon-moon@daum.net 
A mail[OB-K.html] sent to =>chaewontae@gmail.com 
A mail[OB-K.html] sent to =>gcukunho@gmail.com 
A mail[OB-E.html] sent to =>toidio@hotmail.co.uk 
A mail[OB-K.html] sent to =>iproposeyou@hanmail.net 
A mail[OB-K.html] sent to =>2004130865@naver.com 
A mail[OB-K.html] sent to =>dbs9483@nate.com 
A mail[OB-E.html] sent to =>jeongeuns@yonsei.ac.kr 
A mail[OB-K.html] sent to =>blueusl@naver.com 
A mail[OB-E.html] sent to =>thinkmi@naver.com 
A mail[OB-K.html] sent to =>strofconc@gmail.com 
A mail[OB-K.html] sent to =>1101qe@gmail.com 
A mail[OB-E.html] sent to =>jamaicalive@live.co.kr 
A mail[OB-K.html] sent to =>qkrwodud93@nate.com 
A mail[OB-E.html] sent to =>jbeversdorf@gmail.com 
A mail[OB-K.html] sent to =>jyhur805@gmail.com 
A mail[OB-K.html] sent to =>boosunghwan@gmail.com 
A mail[OB-K.html] sent to =>jekyun_j@naver.com 
A mail[OB-K.html] sent to =>ryuhhkhk@gmail.com 
A mail[OB-E.html] sent to =>0812amy@naver.com 
A mail[OB-E.html] sent to =>genedimple@gmail.com 
A mail[OB-K.html] sent to =>syung2kiss@nate.com 
A mail[OB-K.html] sent to =>haelim.ca@gmail.com 
A mail[OB-K.html] sent to =>ksonia@naver.com 
A mail[OB-K.html] sent to =>taehoonv@nate.com 
A mail[OB-E.html] sent to =>paulopiumhi@hotmail.com 
A mail[OB-E.html] sent to =>553791181@qq.com 
A mail[OB-K.html] sent to =>dongpil.lim@gmail.com 
A mail[OB-K.html] sent to =>mi0706ch@naver.com 
A mail[OB-K.html] sent to =>doryzlzl@naver.com 
A mail[OB-K.html] sent to =>rickey95@naver.com 
A mail[OB-K.html] sent to =>com4ever@paran.com 
A mail[OB-K.html] sent to =>pikapai@naver.com 
A mail[OB-K.html] sent to =>psuh@umich.edu 
A mail[OB-K.html] sent to =>heejoeshop@yahoo.com 
A mail[OB-K.html] sent to =>librariansh@gmail.com 
A mail[OB-K.html] sent to =>lmn041055@gmail.com 
A mail[OB-K.html] sent to =>yerin1108@gmail.com 
A mail[OB-K.html] sent to =>cholong_g@nate.com 
A mail[OB-K.html] sent to =>kitpage@nate.com 
A mail[OB-K.html] sent to =>arajini@hanmail.net 
A mail[OB-K.html] sent to =>epiacro@naver.com 
A mail[OB-E.html] sent to =>fan2jp@yahoo.co.jp 
A mail[OB-E.html] sent to =>jessica.lynn.smith1@hotmail.com 
A mail[OB-E.html] sent to =>milena.bukal@gmail.com 
A mail[OB-K.html] sent to =>studioju@hanmail.net 
A mail[OB-K.html] sent to =>kelee333@gmail.com 
A mail[OB-E.html] sent to =>rlaskdud95@nate.com 
A mail[OB-E.html] sent to =>hkwon41@gmail.com 
A mail[OB-E.html] sent to =>hyojookimart@gmail.com 
A mail[OB-K.html] sent to =>gomsak@postech.ac.kr 
A mail[OB-K.html] sent to =>kimseojin705@gmail.com 
A mail[OB-K.html] sent to =>nicekang_@naver.com 
A mail[OB-K.html] sent to =>choidamhee@nate.com 
A mail[OB-K.html] sent to =>choa9399@naver.com 
A mail[OB-K.html] sent to =>mcknight7@naver.com 
A mail[OB-E.html] sent to =>gkgusdn1212@naver.com 
A mail[OB-K.html] sent to =>hojin1047@naver.com 
A mail[OB-E.html] sent to =>mj_ji0704@naver.com 
A mail[OB-K.html] sent to =>mujiji@naver.com 
A mail[OB-K.html] sent to =>jinnykhj@naver.com 
A mail[OB-K.html] sent to =>sukwon.chung@samsung.com 
A mail[OB-K.html] sent to =>yangsy0714@naver.com 
A mail[OB-E.html] sent to =>angiehan1990@gmail.com 
A mail[OB-K.html] sent to =>gksnf132@nate.com 
A mail[OB-K.html] sent to =>violetwolf_k@naver.com 
A mail[OB-K.html] sent to =>bm0286@naver.com 
A mail[OB-E.html] sent to =>rainity@mk.co.kr 
A mail[OB-E.html] sent to =>t.theway1001@gmail.com 
A mail[OB-K.html] sent to =>outofkast2@gmail.com 
A mail[OB-K.html] sent to =>gmlwn8947@naver.com 
A mail[OB-K.html] sent to =>sea_52@naver.com 
A mail[OB-E.html] sent to =>jiangli870806@gmail.com 
A mail[OB-K.html] sent to =>753positive@gmail.com 
A mail[OB-K.html] sent to =>cool@kistep.re.kr 
A mail[OB-K.html] sent to =>kyle101@nate.com 
A mail[OB-K.html] sent to =>ts33ml@nate.com 
A mail[OB-K.html] sent to =>duh_suz@hotmail.com 
A mail[OB-K.html] sent to =>eileenjja@gmail.com 
A mail[OB-K.html] sent to =>mark.j.hwang@gmail.com 
A mail[OB-K.html] sent to =>kimke1210@gmail.com 
A mail[OB-E.html] sent to =>mark@markdavis.com.au 
A mail[OB-K.html] sent to =>shaloti9708@gmail.com 
A mail[OB-K.html] sent to =>prinsa1@naver.com 
A mail[OB-K.html] sent to =>bzsojung@gmail.com 
A mail[OB-K.html] sent to =>kakawa123@naver.com 
A mail[OB-E.html] sent to =>alyssasauceda_8@yahoo.com 
A mail[OB-K.html] sent to =>surie.lee@gmail.com 
A mail[OB-K.html] sent to =>himcera@gmail.com 
A mail[OB-K.html] sent to =>skmscsh@gmail.com 
A mail[OB-E.html] sent to =>jl428@georgetown.edu 
A mail[OB-E.html] sent to =>victoria-michelle.gruber@hotmail.de 
A mail[OB-K.html] sent to =>wkdgusl@hyundai.com 
A mail[OB-E.html] sent to =>hybecca@gmail.com 
A mail[OB-K.html] sent to =>linie1999@hanmail.net 
A mail[OB-K.html] sent to =>nk15@rice.edu 
A mail[OB-E.html] sent to =>mjbrewboy@hotmail.com 
A mail[OB-K.html] sent to =>bluemelody80@gmail.com 
A mail[OB-K.html] sent to =>fallocean@naver.com 
A mail[OB-E.html] sent to =>skh03132@gmail.com 
A mail[OB-K.html] sent to =>theblindpig@hanmail.net 
A mail[OB-E.html] sent to =>piaohf_1989@qq.com 
A mail[OB-E.html] sent to =>ben-mattick@hotmail.com 
A mail[OB-E.html] sent to =>jaewoo95@hotmail.com 
A mail[OB-K.html] sent to =>choiseohee87@gmail.com 
A mail[OB-E.html] sent to =>choiseohee87@gmail.com 
A mail[OB-K.html] sent to =>andy5431@naver.com 
A mail[OB-K.html] sent to =>robinbj@naver.com 
A mail[OB-K.html] sent to =>hochulc@gmail.com 
A mail[OB-E.html] sent to =>kjih@hotmail.com 
A mail[OB-K.html] sent to =>nsqueen21@gmail.com 
A mail[OB-K.html] sent to =>petee23@khu.ac.kr 
A mail[OB-K.html] sent to =>gilles7408@yahoo.com 
A mail[OB-E.html] sent to =>sn2903@hanmail.net 
A mail[OB-E.html] sent to =>rio@dolce.co.jp 
A mail[OB-K.html] sent to =>jikim@v-maxtechno.com 
A mail[OB-E.html] sent to =>ejkohler@gmail.com 
A mail[OB-E.html] sent to =>geerty01@gmail.com 
A mail[OB-E.html] sent to =>daehee-lee@hotmail.com 
A mail[OB-K.html] sent to =>jiyeon8787@naver.com 
A mail[OB-K.html] sent to =>kohoyeon@gmail.com 
A mail[OB-K.html] sent to =>swj01145@naver.com 
A mail[OB-E.html] sent to =>jangjw@hotmail.com 
A mail[OB-K.html] sent to =>seon.kim85@gmail.com 
A mail[OB-E.html] sent to =>rubyabc@hotmail.com 
A mail[OB-E.html] sent to =>leabaro@hotmail.de 
A mail[OB-K.html] sent to =>sujinchoi00@gmail.com 
A mail[OB-K.html] sent to =>director.hui.in@gmail.com 
A mail[OB-E.html] sent to =>worldtoppb@daum.net 
A mail[OB-E.html] sent to =>yupz200@gmail.com 
A mail[OB-K.html] sent to =>rimyd83@gmail.com 
A mail[OB-K.html] sent to =>iamjust@naver.com 
A mail[OB-K.html] sent to =>maemii@naver.com 
A mail[OB-E.html] sent to =>rlarhksdydscott@hotmail.com 
A mail[OB-K.html] sent to =>h19880114@nate.com 
A mail[OB-K.html] sent to =>aslee21@student.kis.or.kr 
A mail[OB-K.html] sent to =>haejung926@gmail.com 
A mail[OB-E.html] sent to =>nochance0706@gmail.com 
A mail[OB-K.html] sent to =>yocla14@hanmail.net 
A mail[OB-K.html] sent to =>dyenfrance@hotmail.com 
A mail[OB-E.html] sent to =>zackeryesmith@yahoo.com 
A mail[OB-K.html] sent to =>sy219219@gmail.com 
A mail[OB-K.html] sent to =>bjy13456@naver.com 
A mail[OB-E.html] sent to =>wschae97@gmail.com 
A mail[OB-E.html] sent to =>wakakojapan@gmail.com 
A mail[OB-K.html] sent to =>kiichang78@gmail.com 
A mail[OB-K.html] sent to =>rentaru2@naver.com 
A mail[OB-K.html] sent to =>arumwoo@gmail.com 
A mail[OB-E.html] sent to =>seemegonzo@gmail.com 
A mail[OB-K.html] sent to =>keeen1541@gmail.com 
A mail[OB-E.html] sent to =>g_chall_10@hotmail.co.uk 
A mail[OB-E.html] sent to =>sergio-sad@hotmail.com 
A mail[OB-E.html] sent to =>santiovejero@yahoo.es 
A mail[OB-K.html] sent to =>qwaqaz@naver.com 
A mail[OB-E.html] sent to =>boo4095@gmail.com 
A mail[OB-E.html] sent to =>fickie95@hotmail.com 
A mail[OB-K.html] sent to =>sohyun.chun@gmail.com 
A mail[OB-E.html] sent to =>kimjuhyuk@hotmail.com 
A mail[OB-K.html] sent to =>silver8405@hanmail.net 
A mail[OB-K.html] sent to =>appletjdah@gmail.com 
A mail[OB-K.html] sent to =>hojungk@gmail.com 
A mail[OB-K.html] sent to =>hanna913@naver.com 
A mail[OB-K.html] sent to =>wook091004@hotmail.com 
A mail[OB-K.html] sent to =>smalldwe@hanmail.net 
A mail[OB-K.html] sent to =>finora@hanmail.net 
A mail[OB-K.html] sent to =>min-soo.kim@hotmail.com 
A mail[OB-E.html] sent to =>oroi_tree@hotmail.com 
A mail[OB-K.html] sent to =>vivienagape@gmail.com 
A mail[OB-E.html] sent to =>nirdeshrao@gmail.com 
A mail[OB-K.html] sent to =>blmh20@hotmail.com 
A mail[OB-K.html] sent to =>yeojean424@hotmail.com 
A mail[OB-K.html] sent to =>yoondaniel7@gmail.com 
A mail[OB-E.html] sent to =>dahee.suh@gmail.com 
A mail[OB-K.html] sent to =>louda1217@naver.com 
A mail[OB-E.html] sent to =>chocojudy@hotmail.com 
A mail[OB-E.html] sent to =>coleellul@yahoo.com 
A mail[OB-K.html] sent to =>haemosoo@gmail.com 
A mail[OB-K.html] sent to =>whjhlee@gmail.com 
A mail[OB-K.html] sent to =>howon.lee10@imperial.ac.uk 
A mail[OB-E.html] sent to =>cho.soyoung@gmail.com 
A mail[OB-K.html] sent to =>kimlucky0@naver.com 
A mail[OB-E.html] sent to =>tantara.tm@gmail.com 
A mail[OB-K.html] sent to =>isun25@daum.net 
A mail[OB-E.html] sent to =>justin100@hanmail.net 
A mail[OB-E.html] sent to =>advertising@swagoo.co 
A mail[OB-K.html] sent to =>knk28802@hotmail.com 
A mail[OB-E.html] sent to =>erikandrewjames@gmail.com 
A mail[OB-K.html] sent to =>argentsky@nate.com 
A mail[OB-E.html] sent to =>kelee91213@hanmail.net 
A mail[OB-E.html] sent to =>yoon@alumni.harvard.edu 
A mail[OB-K.html] sent to =>dragonsweetpea@gmail.com 
A mail[OB-K.html] sent to =>smhong1971@hotmail.com 
A mail[OB-K.html] sent to =>zuniya@gmail.com 
A mail[OB-E.html] sent to =>ana.jungeumlee@gmail.com 
A mail[OB-E.html] sent to =>hannahleeee@gmail.com 
A mail[OB-E.html] sent to =>garyjohnston1976@gmail.com 
A mail[OB-K.html] sent to =>iancheong1127@gmail.com 
A mail[OB-K.html] sent to =>kyoju196@gmail.com 
A mail[OB-E.html] sent to =>jungyupkim1125@gmail.com 
A mail[OB-E.html] sent to =>kssuh12@gmail.com 
A mail[OB-K.html] sent to =>hlee@christschool.org 
A mail[OB-K.html] sent to =>jonnoism@gmail.com 
A mail[OB-E.html] sent to =>florianatimmer@gmail.com 
A mail[OB-K.html] sent to =>xorud3406@naver.com 
A mail[OB-E.html] sent to =>tony.g.kay@gmail.com 
A mail[OB-E.html] sent to =>thelurpak@yahoo.co.uk 
A mail[OB-K.html] sent to =>scott0928@naver.com 
A mail[OB-K.html] sent to =>jiwkr@naver.com 
A mail[OB-E.html] sent to =>dpatsfield@gmail.com 
A mail[OB-K.html] sent to =>hurricane.oh@gmail.com 
A mail[OB-E.html] sent to =>link2gsk1@hotmail.com 
A mail[OB-K.html] sent to =>js7453@naver.com 
A mail[OB-K.html] sent to =>ehliehli@gmail.com 
A mail[OB-E.html] sent to =>kanodavidson@hotmail.com 
A mail[OB-K.html] sent to =>cherrypigdog@naver.com 
A mail[OB-K.html] sent to =>superhoney@hotmail.com 
A mail[OB-E.html] sent to =>conor0118@aol.com 
A mail[OB-E.html] sent to =>pascale.thollard@gmail.com 
A mail[OB-E.html] sent to =>adrian.miszczak@gmail.com 
A mail[OB-E.html] sent to =>htran10@hotmail.com 
A mail[OB-E.html] sent to =>terence_7@hotmail.com 
A mail[OB-K.html] sent to =>h507281k@daum.net 
A mail[OB-E.html] sent to =>lindachelala@hotmail.com 
A mail[OB-E.html] sent to =>berloffanicola@hotmail.com 
A mail[OB-K.html] sent to =>newhouse82@naver.com 
A mail[OB-E.html] sent to =>shannon.wok@gmail.com 
A mail[OB-E.html] sent to =>rabiacha7@gmail.com 
A mail[OB-E.html] sent to =>victoria.lipetri@gmail.com 
A mail[OB-E.html] sent to =>brettlofgren@gmail.com 
A mail[OB-E.html] sent to =>daniellelofgren@gmail.com 
A mail[OB-E.html] sent to =>marblefruit4@yahoo.com 
A mail[OB-E.html] sent to =>videladornamateo@hotmail.com 
A mail[OB-K.html] sent to =>terranbin@gmail.com 
A mail[OB-K.html] sent to =>jungbae0122@gmail.com 
A mail[OB-E.html] sent to =>jungbae0122@gmail.com 
A mail[OB-K.html] sent to =>sunghun1541@nate.com 
A mail[OB-E.html] sent to =>bruce.j@teakaukipapamoa.school.nz 
A mail[OB-K.html] sent to =>ysv456@naver.com 
A mail[OB-E.html] sent to =>christina.andrew.2012@gmail.com 
A mail[OB-E.html] sent to =>christina.aery.yi@gmail.com 
A mail[OB-K.html] sent to =>wlgus4929@nate.com 
A mail[OB-E.html] sent to =>taiwe@hotmail.com 
A mail[OB-E.html] sent to =>sangkim85@gmail.com 
A mail[OB-K.html] sent to =>chopachups@gmail.com 
A mail[OB-K.html] sent to =>yj7870@naver.com 
A mail[OB-K.html] sent to =>santas2@naver.com 
A mail[OB-K.html] sent to =>9p9p1992@naver.com 
A mail[OB-E.html] sent to =>shashidhar1982@gmail.com 
A mail[OB-K.html] sent to =>rumirum@naver.com 
A mail[OB-E.html] sent to =>nuku.erisa@yahoo.com 
A mail[OB-E.html] sent to =>pisik_8@hotmail.com 
A mail[OB-K.html] sent to =>dpslajffjqm@naver.com 
A mail[OB-E.html] sent to =>dpslajffjqm@naver.com 
A mail[OB-E.html] sent to =>namkoongk@gmail.com 
A mail[OB-K.html] sent to =>j.sung16@gmail.com 
A mail[OB-K.html] sent to =>ohseungo@kaist.ac.kr 
A mail[OB-K.html] sent to =>swyohan@naver.com 
A mail[OB-K.html] sent to =>jungwon714@naver.com 
A mail[OB-K.html] sent to =>whitebaeg@naver.com 
A mail[OB-K.html] sent to =>ssh4656@hanmail.net 
A mail[OB-K.html] sent to =>undied@naver.com 
A mail[OB-K.html] sent to =>hpark247@wisc.edu 
A mail[OB-E.html] sent to =>cgsaari@gmail.com 
A mail[OB-E.html] sent to =>happywook@gmail.com 
A mail[OB-E.html] sent to =>qazssx@yandex.ru 
A mail[OB-K.html] sent to =>baek_jy@nate.com 
A mail[OB-E.html] sent to =>kurt.engeljehringer@inode.at 
A mail[OB-K.html] sent to =>cecibin@hanmail.net 
A mail[OB-K.html] sent to =>lazylen@gmail.com 
A mail[OB-K.html] sent to =>wonju519@gmail.com 
A mail[OB-E.html] sent to =>ahra.claire.cho@gmail.com 
A mail[OB-K.html] sent to =>kurt@kingslaim.com 
A mail[OB-E.html] sent to =>min.kim803@gmail.com 
A mail[OB-E.html] sent to =>fatchris1102@hotmail.com 
A mail[OB-E.html] sent to =>leo.garcia1976@gmail.com 
A mail[OB-E.html] sent to =>petersuh0905@gmail.com 
A mail[OB-E.html] sent to =>dolan.mml@gmail.com 
A mail[OB-E.html] sent to =>daek97@yahoo.com 
A mail[OB-K.html] sent to =>green8452@msn.com 
A mail[OB-K.html] sent to =>yugeub@gmail.com 
A mail[OB-K.html] sent to =>jonghyoun@gmail.com 
A mail[OB-E.html] sent to =>emmagreg54@googlemail.com 
A mail[OB-E.html] sent to =>hilary-_-7@hanmail.net 
A mail[OB-K.html] sent to =>swansohn@gmail.com 
A mail[OB-E.html] sent to =>photographer.y@gmail.com 
A mail[OB-E.html] sent to =>35878322@qq.com 
A mail[OB-K.html] sent to =>dopingcat@nate.com 
A mail[OB-E.html] sent to =>jangsea.park@gmail.com 
A mail[OB-K.html] sent to =>godzilla0805@naver.com 
A mail[OB-E.html] sent to =>x3yayrin@gmail.com 
A mail[OB-E.html] sent to =>tomkerrigan10@gmail.com 
A mail[OB-K.html] sent to =>happyend1035@hotmail.com 
A mail[OB-K.html] sent to =>chosh1001@naver.com 
A mail[OB-K.html] sent to =>newspatoy@naver.com 
A mail[OB-K.html] sent to =>stkim@theitc.co.kr 
A mail[OB-E.html] sent to =>shinejp7117@gmail.com 
A mail[OB-E.html] sent to =>bhaher@yahoo.com 
A mail[OB-E.html] sent to =>julia_sze@hotmail.com 
A mail[OB-E.html] sent to =>antant912@gmail.com 
A mail[OB-K.html] sent to =>dpjmh515@naver.com 
A mail[OB-E.html] sent to =>rudiajung@g.ucla.edu 
A mail[OB-E.html] sent to =>jiy900416@gmail.com 
A mail[OB-E.html] sent to =>frank.kloos@gmail.com 
A mail[OB-K.html] sent to =>nammunho@naver.com 
A mail[OB-E.html] sent to =>1018849166@qq.com 
A mail[OB-K.html] sent to =>cmjylim@gmail.com 
A mail[OB-E.html] sent to =>anwobo1@aol.com 
A mail[OB-K.html] sent to =>monsi1118@gmail.com 
A mail[OB-K.html] sent to =>nanojune@gmail.com 
A mail[OB-K.html] sent to =>kingdavy@daum.net 
A mail[OB-E.html] sent to =>zimicas@gmail.com 
A mail[OB-E.html] sent to =>a_little_star_9x@yahoo.com 
A mail[OB-E.html] sent to =>oberoi1992@gmail.com 
A mail[OB-K.html] sent to =>eunego@naver.com 
A mail[OB-K.html] sent to =>skyanel1023@nate.com 
A mail[OB-K.html] sent to =>hae_jin7942@nate.com 
A mail[OB-K.html] sent to =>armeia@nate.com 
A mail[OB-K.html] sent to =>midnight1013@naver.com 
A mail[OB-E.html] sent to =>alessandragrando@uol.com.br 
A mail[OB-K.html] sent to =>labica@gmail.com 
A mail[OB-K.html] sent to =>jasonkahng@naver.com 
A mail[OB-K.html] sent to =>yooneonkim@gmail.com 
A mail[OB-K.html] sent to =>jsshin@kbfg.com 
A mail[OB-E.html] sent to =>gill_68@hotmail.com 
A mail[OB-E.html] sent to =>380922@mail.ru 
A mail[OB-E.html] sent to =>aarontbuss@gmail.com 
A mail[OB-E.html] sent to =>caglartas@gmail.com 
A mail[OB-K.html] sent to =>lmj8873@nate.com 
A mail[OB-K.html] sent to =>eun.5@hotmail.com 
A mail[OB-K.html] sent to =>heejae95@naver.com 
A mail[OB-K.html] sent to =>qwsaqwsa@hanmail.net 
A mail[OB-E.html] sent to =>hartj13@yahoo.com 
A mail[OB-E.html] sent to =>lvergel@sympatico.ca 
A mail[OB-E.html] sent to =>lvergel@sympatico.ca 
A mail[OB-K.html] sent to =>wnduddl2277@naver.com 
A mail[OB-K.html] sent to =>yangarch@yahoo.co.kr 
A mail[OB-K.html] sent to =>bbyung94@gmail.com 
A mail[OB-K.html] sent to =>jaeroh@empas.com 
A mail[OB-K.html] sent to =>jina4569@naver.com 
A mail[OB-E.html] sent to =>knesky13@gmail.com 
A mail[OB-E.html] sent to =>rpayn617@gmail.com 
A mail[OB-K.html] sent to =>jennifer90@naver.com 
A mail[OB-K.html] sent to =>worri@naver.com 
A mail[OB-K.html] sent to =>khoonk71@yahoo.co.kr 
A mail[OB-E.html] sent to =>marc.skill@gmail.com 
A mail[OB-E.html] sent to =>anthony.caudebec@live.fr 
A mail[OB-E.html] sent to =>miyavi_ga_sukii@hotmail.fr 
A mail[OB-E.html] sent to =>ririenne48@yahoo.co.jp 
A mail[OB-E.html] sent to =>yclarinet2@yahoo.com 
A mail[OB-E.html] sent to =>seyoungw@gmail.com 
A mail[OB-K.html] sent to =>hophfg@yahoo.co.kr 
A mail[OB-K.html] sent to =>klkl112@naver.com 
A mail[OB-K.html] sent to =>makeuup@gmail.com 
A mail[OB-K.html] sent to =>rayray25@daum.net 
A mail[OB-K.html] sent to =>taegon.oh@gmail.com 
A mail[OB-K.html] sent to =>epny1@naver.com 
A mail[OB-E.html] sent to =>danusocialnet@hotmail.com 
A mail[OB-E.html] sent to =>emma.oh411@gmail.com 
A mail[OB-K.html] sent to =>yoonteresa@hotmail.com 
A mail[OB-E.html] sent to =>benburn@hotmail.co.uk 
A mail[OB-K.html] sent to =>billkontra@gmail.com 
A mail[OB-K.html] sent to =>sk09991@nate.com 
A mail[OB-K.html] sent to =>tresor0@hotmail.com 
A mail[OB-K.html] sent to =>hyemonica@gmail.com 
A mail[OB-E.html] sent to =>griggs635@btinternet.com 
A mail[OB-K.html] sent to =>dasomyuka@hanmail.net 
A mail[OB-K.html] sent to =>rhsdkwlwl@nate.com 
A mail[OB-E.html] sent to =>dahwang81@hotmail.com 
A mail[OB-K.html] sent to =>onefullip@naver.com 
A mail[OB-E.html] sent to =>j_raff@hotmail.co.uk 
A mail[OB-K.html] sent to =>sidney.yang0@gmail.com 
A mail[OB-E.html] sent to =>katetittel@live.com 
A mail[OB-E.html] sent to =>junghwanss@naver.com 
A mail[OB-E.html] sent to =>ynot89@naver.com 
A mail[OB-K.html] sent to =>eunji9167@naver.com 
A mail[OB-K.html] sent to =>ben23@nate.com 
A mail[OB-E.html] sent to =>jashkuo@ms74.hinet.net 
A mail[OB-K.html] sent to =>dngkr44@naver.com 
A mail[OB-E.html] sent to =>flamie07@yahoo.co.nz 
A mail[OB-E.html] sent to =>rachelynnweight@yahoo.com 
A mail[OB-E.html] sent to =>leif.lindkvist7@gmail.com 
A mail[OB-K.html] sent to =>cabin9605@hotmail.com 
A mail[OB-E.html] sent to =>giomyung@gmail.com 
A mail[OB-K.html] sent to =>20sjmom@naver.com 
A mail[OB-K.html] sent to =>joe015b@daum.net 
A mail[OB-K.html] sent to =>taewan85@gmail.com 
A mail[OB-K.html] sent to =>dlrlgns1125@naver.com 
A mail[OB-E.html] sent to =>lee.yooj.c@gmail.com 
A mail[OB-K.html] sent to =>lyu.lue@gmail.com 
A mail[OB-K.html] sent to =>gss0222@hanmail.net 
A mail[OB-K.html] sent to =>curlyk777@gmail.com 
A mail[OB-K.html] sent to =>khs1006@hotmail.com 
A mail[OB-E.html] sent to =>lucador@unlv.nevada.edu 
A mail[OB-K.html] sent to =>ilyunni@hyundai-steel.com 
A mail[OB-E.html] sent to =>kaneharvey@hotmail.com 
A mail[OB-E.html] sent to =>laurajaneroberts@hotmail.co.uk 
A mail[OB-E.html] sent to =>grape351@hotmail.com 
A mail[OB-K.html] sent to =>toqurdltmf50@hotmail.com 
A mail[OB-E.html] sent to =>kimjo7@yahoo.com 
A mail[OB-E.html] sent to =>seoky0102@gmail.com 
A mail[OB-K.html] sent to =>briller@hanmail.net 
A mail[OB-K.html] sent to =>ssuweet@hotmail.com 
A mail[OB-E.html] sent to =>jazz1angel@yahoo.co.uk 
A mail[OB-E.html] sent to =>sujin@ignitexl.com 
A mail[OB-E.html] sent to =>bianchi-diego@tiscali.it 
A mail[OB-E.html] sent to =>bellamolimarco@gmail.com 
A mail[OB-K.html] sent to =>chowg25@hotmail.co.kr 
A mail[OB-E.html] sent to =>lxfitz@gmail.com 
A mail[OB-K.html] sent to =>nami615@gmail.com 
A mail[OB-K.html] sent to =>okibaby@korea.ac.kr 
A mail[OB-K.html] sent to =>regen97@googlemail.com 
A mail[OB-K.html] sent to =>siaminusi@gmail.com 
A mail[OB-K.html] sent to =>skill@naver.com 
A mail[OB-E.html] sent to =>saepbaker@gmail.com 
A mail[OB-K.html] sent to =>lleta0401@naver.com 
A mail[OB-K.html] sent to =>brahms1014@hanmail.net 
A mail[OB-E.html] sent to =>japanesepride@hotmail.com 
A mail[OB-E.html] sent to =>thekazoom@gmail.com 
A mail[OB-K.html] sent to =>metis700902@gmail.com 
A mail[OB-K.html] sent to =>skicjh@hotmail.com 
A mail[OB-K.html] sent to =>nonon901@naver.com 
A mail[OB-E.html] sent to =>handhandtest@gmail.com 
A mail[OB-E.html] sent to =>woohaa98@hotmail.com 
A mail[OB-E.html] sent to =>ositoforce707@yahoo.com 
A mail[OB-K.html] sent to =>rain7877@gmail.com 
A mail[OB-K.html] sent to =>sweetsooyun@hanmail.net 
A mail[OB-K.html] sent to =>jise223@hotmail.com 
A mail[OB-K.html] sent to =>uauaua333@naver.com 
A mail[OB-E.html] sent to =>bento023@yahoo.co.id 
A mail[OB-E.html] sent to =>bento023@yahoo.co.id 
A mail[OB-K.html] sent to =>guddnakstp77@naver.com 
A mail[OB-E.html] sent to =>kilrheice@hotmail.com 
A mail[OB-E.html] sent to =>kennethleeky@gmail.com 
A mail[OB-E.html] sent to =>nick.sonderup@gmail.com 
A mail[OB-K.html] sent to =>danael_@naver.com 
A mail[OB-E.html] sent to =>cduddy1985@gmail.com 
A mail[OB-K.html] sent to =>jazzz9996@gmail.com 
A mail[OB-K.html] sent to =>arielwong512@yahoo.com.hk 
A mail[OB-K.html] sent to =>talk97@hanmail.net 
A mail[OB-E.html] sent to =>bgwatts@hotmail.co.uk 
A mail[OB-K.html] sent to =>42356@hanmail.net 
A mail[OB-E.html] sent to =>sharp_sk124@hotmail.com 
A mail[OB-K.html] sent to =>sharp_sk124@hotmail.com 
A mail[OB-K.html] sent to =>starmoon_@naver.com 
A mail[OB-E.html] sent to =>eumjangi@hanmail.net 
A mail[OB-K.html] sent to =>spirit7942@hotmail.com 
A mail[OB-K.html] sent to =>yisang7@hanmail.net 
A mail[OB-K.html] sent to =>miya29@nate.com 
A mail[OB-E.html] sent to =>kj00724@gmail.com 
A mail[OB-E.html] sent to =>sf.vanishingpoint@gmail.com 
A mail[OB-K.html] sent to =>thinkright@hanmail.net 
A mail[OB-K.html] sent to =>sherophae312@naver.com 
A mail[OB-E.html] sent to =>dpcher1989@gmail.com 
A mail[OB-E.html] sent to =>adster10@hotmail.com 
A mail[OB-E.html] sent to =>samaavain@gmail.com 
A mail[OB-E.html] sent to =>sansookapsan@gmail.com 
A mail[OB-K.html] sent to =>jangkeehyo@gmail.com 
A mail[OB-E.html] sent to =>cienlux@gmail.com 
A mail[OB-K.html] sent to =>morinaga0918@naver.com 
A mail[OB-E.html] sent to =>sabina_sochi@mail.ru 
A mail[OB-K.html] sent to =>inhye465@gmail.com 
A mail[OB-K.html] sent to =>freesounds@naver.com 
A mail[OB-E.html] sent to =>ab.nurmagambetov@gmail.com 
A mail[OB-E.html] sent to =>giacomodininni@gmail.com 
A mail[OB-E.html] sent to =>psi1218@hanmail.net 
A mail[OB-E.html] sent to =>littelangelsveta@hotmail.co.uk 
A mail[OB-K.html] sent to =>lucca1201@naver.com 
A mail[OB-K.html] sent to =>rjsghtjdwl12@nate.com 
A mail[OB-E.html] sent to =>kstetzel@gmail.com 
A mail[OB-K.html] sent to =>odongnice@gmail.com 
A mail[OB-K.html] sent to =>eces11@naver.com 
A mail[OB-E.html] sent to =>lrigelyts@naver.com 
A mail[OB-E.html] sent to =>trevorkyman@yahoo.co.uk 
A mail[OB-K.html] sent to =>kje0544@nate.com 
A mail[OB-K.html] sent to =>pruins@nate.com 
A mail[OB-K.html] sent to =>haidie@hanmail.net 
A mail[OB-E.html] sent to =>thoron@mail.ru 
A mail[OB-K.html] sent to =>smileyelim@naver.com 
A mail[OB-K.html] sent to =>egyg10004@daum.net 
A mail[OB-K.html] sent to =>park.soonsung@gmail.com 
A mail[OB-E.html] sent to =>1cus-dar_8-o@ezweb.ne.jp 
A mail[OB-E.html] sent to =>sndntm7@gmail.com 
A mail[OB-E.html] sent to =>lnmcgovernx3@gmail.com 
A mail[OB-E.html] sent to =>juanajisoo@naver.com 
A mail[OB-K.html] sent to =>reum731@gmail.com 
A mail[OB-K.html] sent to =>dbwkgk@naver.com 
A mail[OB-K.html] sent to =>bestkid65@naver.com 
A mail[OB-E.html] sent to =>sismonica@nate.com 
A mail[OB-K.html] sent to =>kyori0515@naver.com 
A mail[OB-K.html] sent to =>tgleyf@naver.com 
A mail[OB-E.html] sent to =>alice95park@gmail.com 
A mail[OB-E.html] sent to =>natsuki_t4730@yahoo.co.jp 
A mail[OB-K.html] sent to =>natsuki_t4730@yahoo.co.jp 
A mail[OB-K.html] sent to =>jjw0457@naver.com 
A mail[OB-E.html] sent to =>a_lovedancing@i.softbank.jp 
A mail[OB-K.html] sent to =>yhkima@gmail.com 
A mail[OB-K.html] sent to =>imsookha@gmail.com 
A mail[OB-E.html] sent to =>hageness_7@hotmail.com 
A mail[OB-E.html] sent to =>laicerose@hotmail.com 
A mail[OB-E.html] sent to =>alexkim001@hotmail.com 
A mail[OB-K.html] sent to =>nagaham@daum.net 
A mail[OB-E.html] sent to =>zoooya@yahoo.co.kr 
A mail[OB-E.html] sent to =>thaomi96@gmail.com 
A mail[OB-E.html] sent to =>thomasdw_91@hotmail.com 
A mail[OB-K.html] sent to =>bwlee@assembly.go.kr 
A mail[OB-K.html] sent to =>chaeys09@naver.com 
A mail[OB-K.html] sent to =>jhang98@naver.com 
A mail[OB-K.html] sent to =>coljj1646@naver.com 
A mail[OB-K.html] sent to =>kimtaeminn@gmail.com 
A mail[OB-K.html] sent to =>rlatlqja3@hanmail.net 
A mail[OB-K.html] sent to =>dr_yurimj@naver.com 
A mail[OB-K.html] sent to =>okoko7026@gmail.com 
A mail[OB-E.html] sent to =>dcho69@hotmail.com 
A mail[OB-E.html] sent to =>johngonzales22@yahoo.com 
A mail[OB-E.html] sent to =>dora.sobrelopes@gmail.com 
A mail[OB-K.html] sent to =>entr@naver.com 
A mail[OB-E.html] sent to =>martin-wahl@gmx.net 
A mail[OB-K.html] sent to =>jhui116@naver.com 
A mail[OB-K.html] sent to =>wjdals0928@naver.com 
A mail[OB-E.html] sent to =>diemnguyen1912@gmail.com 
A mail[OB-E.html] sent to =>stanislas.hug@gmail.com 
A mail[OB-K.html] sent to =>leoranta10@gmail.com 
A mail[OB-K.html] sent to =>major1116@naver.com 
A mail[OB-E.html] sent to =>ruknabid@gmail.com 
A mail[OB-K.html] sent to =>chowoohyuk@gmail.com 
A mail[OB-K.html] sent to =>jjonariza@gmail.com 
A mail[OB-K.html] sent to =>iksunjjis@naver.com 
A mail[OB-E.html] sent to =>jordanjam2000@yahoo.com 
A mail[OB-E.html] sent to =>acosbt.77@gmail.com 
A mail[OB-K.html] sent to =>jinugi92@hanmail.net 
A mail[OB-K.html] sent to =>ludacris@kia.co.kr 
A mail[OB-K.html] sent to =>takejinu@hanmail.net 
A mail[OB-E.html] sent to =>symin0429@hanmail.net 
A mail[OB-E.html] sent to =>minwoo.park@live.com 
A mail[OB-E.html] sent to =>phenry@live.be 
A mail[OB-E.html] sent to =>sevvi73@gmail.com 
A mail[OB-K.html] sent to =>dochi76@gmail.com 
A mail[OB-E.html] sent to =>seunglee82@gmail.com 
A mail[OB-E.html] sent to =>khk257@nyu.edu 
A mail[OB-K.html] sent to =>wpdud1005@naver.com 
A mail[OB-K.html] sent to =>ajtwlsrrna@naver.com 
A mail[OB-E.html] sent to =>siberiancat2008@gmail.com 
A mail[OB-E.html] sent to =>matthias.de.semlyen@gmail.com 
A mail[OB-E.html] sent to =>drponns@gmail.com 
A mail[OB-K.html] sent to =>shetri@naver.com 
A mail[OB-E.html] sent to =>nabi1453@naver.com 
A mail[OB-K.html] sent to =>ljhys@hanmail.net 
A mail[OB-K.html] sent to =>ssomsak@naver.com 
Tue Dec 18 20:29:19 KST 2018
END



