kwangmin.lee@waffle.at
silvergorem@naver.com
silviamon1988@gmail.com
ys-1021@hanmail.net
ppig27@gmail.com
eyul22@gmail.com
agahajin@eden.rutgers.edu
psychev@daum.net
sh677in@hanmail.net
cassio.facsumare@hotmail.com
warriorcats100@aol.com
johndonigan@hotmail.co.uk
jinhyelin@yahoo.com
910822@gmail.com
onmi1004@naver.com
lisayoon1018@naver.com
nowhere0712@naver.com
hhwong95@naver.com
polliwog78@hanmail.net
polliwog78@hanmail.net
dongjoondj@gmail.com
jonghee0930@hanmail.net
ryung526@gmail.com
anucha.pratoomwing@gmail.com
candle1006@gmail.com
kevinhan.tor@gmail.com
jasmin9697@gmail.com
yeunhee86@naver.com
kyungsoo88@gmail.com
loved.nj@gmail.com
yj_0823@gwmail.gwu.edu
keane16@nate.com
chtjscjs@gmail.com
mdklee01@gmail.com
didals00@naver.com
tingky1@naver.com
chermian@naver.com
dshonion@naver.com
joao.p.netto@uol.com.br
psehyun@gmail.com
joshsta005@hotmail.com
chrsshin62@gmail.com
foxw@hanmail.net
ksm8099@hotmail.com
hj99234@nate.com
painterhoya@gmail.com
m.porte@live.com
jiyoungk20@naver.com
wem86@naver.com
ryancortez77@gmail.com
spacejjj@gmail.com
artsohee@gmail.com
nuages.kim@gmail.com
mrcharming2k@gmail.com
jefferson.gunter@yahoo.co.za
jcastill77@hotmail.com
ifdef@naver.com
dukwoo@hotmail.com
simon.blunt@hotmail.co.uk
maclara2000@hotmail.com
andycheng@telus.net
7jisoo@hanmail.net
bawitts@gmail.com
projiheon@naver.com
k942401h2@naver.com
sseongkim44@gmail.com
carllycha@yahoo.com
ondine80@hotmail.de
jwun1206@hotmail.com
kaylee.schultz@gmail.com
jeongok.kim@gmail.com
yllklove@gmail.com
sangmeean@gmail.com
paeryoung@gmail.com
lucpauls@gmail.com
bbarkkun@gmail.com
jaeminkim0212@gmail.com
sophiepark219@gmail.com
yjpark999@naver.com
gva00117@naver.com
blue.melia@hotmail.co.uk
jebreenahmed@hotmail.com
geraldhoe@gmail.com
duane@koreafilm.or.kr
yerin.yoon@gmail.com
eun68524@nate.com
patimka@yandex.ru
llssuell@hanmail.net
hanahchang7@gmail.com
shooting1318@gmail.com
tpekurovska@gmail.com
manyamanya@naver.com
skgus7109@naver.com
vectorgram@gmail.com
naheec@outlook.com
jennifers2su@hotmail.com
juni84@nate.com
hahnaaah@naver.com
continuityjj@gmail.com
soyounghan90@hanmail.net
space0201@gmail.com
jenny8922@nate.com
busted708@naver.com
parkphj730@naver.com
dkfdbzz@gmail.com
verdebuster@naver.com
cics_sue@naver.com
best4136@hotmail.com
songchan0507@gmail.com
eunkie.cho@gmail.com
yeojinlee@yahoo.com
djangelouk@googlemail.com
skdmsals1@naver.com
smk9211@naver.com
hahnopm@hanmail.net
kangjae.kim88@gmail.com
kke_87@hotmail.com
nllgkt@gmail.com
designmijinpark@gmail.com
mrsv0413@gmail.com
soojean_@daum.net
heesun825@hotmail.com
jmg-juan@hotmail.com
jessurah@hotmail.com
kdy4609@naver.com
jameski111@hotmail.com
sodasu02@nate.com
lisahammer11@yahoo.com
arolthamba@aol.com
mgkeane5@gmail.com
sanga.jun@gmail.com
pkeitaq@naver.com
joonghoon@gmail.com
forsaken_angel2000@yahoo.com
philippe.horne@knowledgeharvesting.com
davis_z2006@hotmail.com
hoonbest1@naver.com
puyopuyo91@hanmail.net
pika9107@naver.com
leepok56@gmail.com
sueannkim@hotmail.co.uk
hosungchoi1215@gmail.com
imjongho@gmail.com
nosideo@nate.com
haleyha522@gmail.com
naeun78@hotmail.com
polyjjj@naver.com
jackienethercutt@gmail.com
olivermartineau@yahoo.com
hermsan2@hotmail.com
yongthecoolest@gmail.com
ppinga2238@naver.com
raran12@naver.com
take0131@naver.com
sobio_rei@naver.com
mli505@naver.com
ppomi44@naver.com
ppomi44@naver.com
yopi12@naver.com
aimnewlook@hotmail.com
hongzzy@naver.com
tankg@paran.com
ilovealanna0622@yahoo.com
pjmartineau@me.com
jtkim.pr@gmail.com
zzkr9421@naver.com
cheekielady@hotmail.com
kristina_kuhn@hotmail.com
liza89@hotmail.de
im4rang@naver.com
gen_unit@hotmail.com
bnbn330@naver.com
seoyeon@sookmyung.ac.kr
bebopone25@hotmail.com
xbluberryzx@gmail.com
t9376@yahoo.com.hk
hjd01034215031@gmail.com
younsoon@gmail.com
occas@naver.com
jisoo7004@hotmail.com
jinaelim@gmail.com
wan.wilson@gmail.com
hapoodog@gmail.com
emmanuel.minja@gmail.com
ajhoefer@gmail.com
ktjroos@gmail.com
961210khy@gmail.com
missyyoo@gmail.com
gyoh92@nate.com
dhko1golf@gmail.com
cuttywee@hotmail.com
jinsol1007@naver.com
erik.k91@gmail.com
pixiegreenflower@yahoo.com
ske8er.11.boi@i.softbank.jp
leee.jaehyun@gmail.com
mishaslavin@gmail.com
kangso9434@gmail.com
imedyta@nate.com
springglow@gmail.com
awildguy@naver.com
bboya1010@hotmail.com
dong222@gmail.com
paulkim0516@naver.com
ccomjee@gmail.com
innovasianist@gmail.com
lnx37892@qasti.com
bsop111@naver.com
patric.dougan@gmail.com
graeme@tonic-live.co.uk
kchoi@emich.edu
kyuhwanghuh77@gmail.com
99etgood@gmail.com
heera41@gmail.com
sunui1125@hotmail.com
rudqjal@hanafn.com
kellyhjpark@hanmail.net
yalli0510@naver.com
hyunji33@hanmail.net
kimminjoo@naver.com
flaviaborges2@hotmail.com
jiya0119@hanmail.net
navihsyoo@gmail.com
jyhuh@hotmail.com
sa0629@live.co.kr
kevin_cantrell@charter.net
kldsa82@naver.com
gloryhyuk35@naver.com
fayinka@yandex.ru
kimyou77@msu.edu
yhhong7309@gmail.com
rdlim71@gmail.com
nruenarom@hotmail.com
pepotyan@hotmail.co.jp
jaeokh2000@yahoo.co.uk
cherieamour.kang@gmail.com
seoyoung.jang@richmond.edu
joonwoo2@gmail.com
hmi1993@hotmail.com
adhoc@insunginfo.co.kr
cwei87@gmail.com
chunter88@naver.com
adguyy@gmail.com
ptietoile@hanmail.net
junthus@gmail.com
crisis89@naver.com
helgee@naver.com
bobbykim7@hotmail.com
hermione0810@naver.com
ejhmirae@nate.com
grayone0@gmail.com
sdhera@hotmail.com
leka2002@naver.com
jhw9003@gmail.com
dalki654@naver.com
dalki654@naver.com
seitz.valentina@gmail.com
pichachu486@naver.com
digital17@hotmail.com
virgingum@empas.com
candace.matthias@gmail.com
yoonssem@gmail.com
sineunju2525@naver.com
aidan.sm.koo@gmail.com
taiji8595@daum.net
manuel.jauschnig@gmx.at
manuel.jauschnig@gmx.at
sjy2bj@gmail.com
mogpfla@naver.com
youngha3719@gmail.com
haansrano@gmail.com
angelinaswchoi@gmail.com
lavie_27@naver.com
comickhj79@naver.com
tome79@naver.com
coco_monica@naver.com
m9ligu@gmail.com
phamandawana@gmail.com
phamandawana@gmail.com
maisieduff@hotmail.com
han@infit.xyz
shimjh85@naver.com
vkfmvp33@gmail.com
super.nang.ee@gmail.com
rrrvsotki@naver.com
suyeonshin87@gmail.com
tholmes.244@gmail.com
klane@naver.com
sinjy132@gmail.com
angela5127@hotmail.com
katpelz@gmail.com
bane93-dorcol@hotmail.com
marina.cubela16@gmail.com
laura.e.dean@hotmail.co.uk
vedrana.barovic1@gmail.com
bethechange001@naver.com
ca_ssi@naver.com
portrait1203@yahoo.com
yoonkyoungh@nate.com
beyond_grace@naver.com
ljm820212@naver.com
kpu5064@naver.com
doorsros@gmail.com
mr.tezmania@gmail.com
shady_qum@hotmail.com
bluedayso2@naver.com
prestar92@hotmail.com
constellation79@gmail.com
hsy1224@naver.com
feminabon@naver.com
sungwooka@hotmail.com
treetop4001@hotmail.com
lars@namork.no
clarecfisher@gmail.com
nicemamma@hanmail.net
sunggon91@gmail.com
mirr4333@naver.com
narim02@naver.com
tsjdbs5829@naver.com
kittiratn1234@gmail.com
jeanhp@naver.com
lkk0716@naver.com
emmajeju@yahoo.co.kr
jannetree@hotmail.com
jlwarnert@gmail.com
mother@motherpd.com
angelapark94@gmail.com
ahaha427@naver.com
ursond22@naver.com
noela.park@gmail.com
thd119@gmail.com
jsooseung@gmail.com
jmpaik86@gmail.com
maxcorton@gmail.com
skittles9864@gmail.com
stjgusj@naver.com
dambicom@hanmail.net
nivedha.mahendran@web.de
been0420@hanmail.net
bvaoxne@naver.com
ann.yeseul@gmail.com
samu.saaristo@gmail.com
xogus0226@hotmail.com
kitty7083@hotmail.com
sd6000@nate.com
ash_mcbride@yahoo.ca
bluevetjj@nate.com
aahume@hotmail.com
hettyrho@gmail.com
riv3rmountain@gmail.com
limteraction@gmail.com
chengyi@naver.com
sarahkim1991@gmail.com
peaceguard@naver.com
woojinahn7@gmail.com
ahfks18@nate.com
kimio@goldenbear916.com
mk642@cornell.edu
nobyjjang@naver.com
kabir@softbankci.com
kimky1@gmail.com
jwnam83@naver.com
yonsei1991@gmail.com
newids@gmail.com
plspflsp@naver.com
cindyleowtt@icloud.com
evalaan1997@hotmail.com
bonkiebeest@hotmail.com
nicolas.seyer@hotmail.com
mjmjmmj1@naver.com
rimpreetsandhu@hotmail.com
harpreetsandhu10@hotmail.com
tost8295@gmail.com
ielawpatent@gmail.com
joorong@hotmail.com
seeksense@gmail.com
travislatsay@gmail.com
jakyum@yooshin.com
jakyum@yooshin.com
jo0573@hotmail.com
espen.krogh@live.no
misolee0214@gmail.com
paulriley1126@yahoo.com
donhyukchoi@yahoo.com
jinnyhkim@gmail.com
ryoukoiga@yahoo.co.jp
hera8400@naver.com
michael_berggren82@hotmail.com
realghetto82@gmail.com
nojunk74@gmail.com
wjdghl7681@daum.net
lain_s@naver.com
baekjungsun@gmail.com
vannessayung@gmail.com
77podopodo77@naver.com
designmusic@nate.com
ailina-94@mail.ru
dgfhozedyqff@dropmail.me
zecaros7@naver.com
dudtj926@naver.com
ladogo1004@nate.com
0165151614@hanmail.net
ses0930@hanmail.net
judy4348@gmail.com
insil.hwang@gmail.com
katallina@outlook.com
kokiri73@gmail.com
akimmmmm88@gmail.com
the.leps@talktalk.net
divad011085@yahoo.com
stanmaniac@hotmail.com
juanxiu02@gmail.com
emilee.carlisle@gmail.com
bj0620.lee@samsung.com
jungjaehur@gmail.com
malkucki@nate.com
jpark624@gmail.com
smbright@naver.com
ckim0701@yahoo.com
rascaland@hotmail.com
maurice.gerber2@gmail.com
o0oxx@daum.net
pedro_f_aidar@yahoo.com.br
strawberry0709@gmail.com
alexebeen@hanmail.net
hjmsmam@naver.com
martin.markvardsen@edrington.com
csjune@gmail.com
moire75@naver.com
lazygirl79@gmail.com
boundaries.korea@gmail.com
dancetob@hotmail.com
psybada1007@hanmail.net
sahn06@gmail.com
wldbs921004@gmail.com
kadosu@hanmail.net
yjchin69@hanmail.net
cicak100@hotmail.com
lusana@minerva.kgi.edu
asso99@naver.com
smohta@mba13.rsm.nl
sugaller@naver.com
yunsil707@naver.com
the-flyingscotsman@hotmail.com
bohemianspraha@i.softbank.jp
oldvinwine@naver.com
noohohc@me.com
crystas66@gmail.com
cataylor0304@aol.com
jun20ok@naver.com
yeojoos@hanmail.net
solanum99@hanmail.net
mimmy711@gmail.com
cookie_yamyam@hotmail.com
cinematoto@hanmail.net
tangle_mini@hotmail.com
troikaproject3@gmail.com
jaymeprodan@gmail.com
c_rem_kkk5_1228@yahoo.co.jp
spreesh@naver.com
fms9012@naver.com
hyohui@gmail.com
jonbrooks82@gmail.com
jhpraying@hotmail.com
best12khg@hanmail.net
goobear314@yahoo.com
shape-0206@hanmail.net
msmith10@mix.wvu.edu
ireneyim64@hotmail.com
nayakkh0511@gmail.com
paysense@live.com
pengu_91@hanmail.net
hsyun66@gmail.com
pu380404@yandex.ru
sj92165@gmail.com
rafael_morelly@hotmail.com
rafael_morelly@hotmail.com
stevounet2003@yahoo.fr
jcneige@gmail.com
playstationmk2@gmail.com
itismejy@gmail.com
februaries@hanmail.net
arzirong@nate.com
shenren63@yahoo.co.jp
thousandsummer828@gmail.com
nayeon908@naver.com
injaelee@samsung.com
c.michelle.ym@gmail.com
edith.14mar@gmail.com
stormix@me.com
alicejhj@hanmail.net
the_siege85@yahoo.com
c.lewis.houston@gmail.com
dquang3107@yahoo.com
venustran@gmail.com
pcjylove@naver.com
pcjylove@naver.com
happy986@naver.com
pilupilara@gmail.com
ssun93@hanmail.net
yeong_llena@naver.com
chaemj101@gmail.com
limyoujin93@naver.com
oliviercoste@yahoo.fr
ash.flickz@gmail.com
eliasschegg@gmail.com
jaykay.p@hotmail.com
eulnashin@gmail.com
jean0206@gmail.com
grace.lovely@gmail.com
601218@gmail.com
jh.leo727@gmail.com
philah90@hotmail.com
jja.healy@yahoo.co.uk
cocomorning@gmail.com
sabine.zogsberger@gmx.at
manurahul09@yahoo.com
ht8909@naver.com
kpop80@yahoo.com
kimjueun@yahoo.com
sinmins@naver.com
junghee9269@naver.com
sunicktku@gmail.com
cindy9711@naver.com
jihae890609@gmail.com
kenzo7839@naver.com
myoldfrd@naver.com
sydneymkim@yahoo.com.sg
zhouzhin@hotmail.com
ahamagal1@gmail.com
mansaok0224@gmail.com
dinyal@mail.ru
sketchbookss@me.com
sungu1401@naver.com
gajeun.lee@gmail.com
aerinjungmin@gmail.com
ojh8658@nate.com
pinnara@naver.com
hobanbird@gmail.com
iiimkicky@gmail.com
heeokkim7@gmail.com
124011@gmail.com
emilycinnamon@hotmail.com
carstelling@naver.com
romainbartolo1@gmail.com
j.ypark0620@hotmail.com
eso_orb@naver.com
mikebell.mr@gmail.com
mike.bell@dentsuaegis.com
edmund_cyr@yahoo.com.sg
rlwn7181@naver.com
dariosciuto@hotmail.it
uniquem@naver.com
jackyjoo1980@yahoo.com
oculus_ray@yahoo.com
rina0212@naver.com
transcopic104@gmail.com
camster@empal.com
sanghwan@kookmin.ac.kr
nmc42945@pisls.com
takaokanda0809@gmail.com
yoojy426@naver.com
21terry@hanmail.net
joonyoung90@gmail.com
dustonrwright_1994@hotmail.com
alfred.delvecchio@gmail.com
camencel@email.arizona.edu
jpowe13@gmail.com
rainer.rippe@gmail.com
goyangee0118@gmail.com
eunice.eunjoo@gmail.com
nahyun2922@gmail.com
dhoon2003@hotmail.com
kajoon20@gmail.com
danmahl@yahoo.com
seun0929@gmail.com
livethemusic@comcast.net
yungjin@dreamwiz.com
minsuk100@hotmail.com
kmmin7673@gmail.com
peter.kupfer@gmx.de
junyoungkwon@hotmail.com
zephyrus1984@gmail.com
jmbrianlee@hotmail.com
jmbrianlee@hotmail.com
hyukzoo@gmail.com
wychoi0709@gmail.com
parkrath@hotmail.com
lovesome09@nate.com
egeve23@gmail.com
eliath2@gmail.com
cairnsyc@googlemail.com
dlite77@naver.com
sjeongeun@naver.com
robin.deblangy@hotmail.fr
ljoz6@naver.com
curdsanghyun@gmail.com
4040rpm@naver.com
rnrhdsla@naver.com
circexec@gmail.com
kmart0087@yahoo.com
boki1031@naver.com
cc0623700992@naver.com
choiy562@newschool.edu
lsys1012@gmail.com
jcdrew63@gmail.com
smm.miros@gmail.com
h_pirkkalainen@hotmail.com
delricks@gmail.com
maestrokwon89@gmail.com
lena.abuelfailat@googlemail.com
dbswoss03@naver.com
dorotea.deshishku@gmail.com
yunmi45@hotmail.com
iceholic@naver.com
pattsun@gmail.com
soobinstar1@naver.com
nathanmackenzie@gmail.com
ajax0615@gmail.com
k.foxdiary@gmail.com
kdsm00206@naver.com
hinddung@gmail.com
vand12@naver.com
yisn@nate.com
dmswltks@naver.com
hong1204@naver.com
jennyk3p@naver.com
hglockner@yahoo.de
nextcycle.rudolph@gmail.com
thanh.pt.ng@gmail.com
khan25250@naver.com
clubman1976@gmail.com
fashion018@naver.com
kty4770@nate.com
w2lcome@nate.com
kkm425@hotmail.com
goodhioh@paran.com
eugene@yurtaev.me
sehyeong.yeom@rischool.org
alfonsog.93@hotmail.com
vb22@naver.com
dakiis@nate.com
bylee002@naver.com
kyung@mashupangels.com
kodaesoo@naver.com
withzin@gmail.com
lhwpro@gmail.com
melodytvxq0126@gmail.com
kimdh1369@naver.com
sunha0430@gmail.com
ade21@naver.com
narae824@naver.com
elvislimkw@hotmail.com
sunwoonam1106@gmail.com
ssongee427@gmail.com
ksongh@hanmail.net
sunjae020@naver.com
fluffymonsters@hotmail.com
kdwfranky@hotmail.com
xietangofficial@gmail.com
yn0724@outlook.com
lovetpdud02@naver.com
jhyeon3601@gmail.com
chank0807@gmail.com
yuni360@naver.com
daltonko7268@gmail.com
cclee4@gmail.com
singleflower@naver.com
stch3@hotmail.com
urusaurusa@gmail.com
pjm1121@nate.com
malan0000@126.com
yongkeun.oh@gmail.com
psglory@naver.com
zen.ekkathattanan@gmail.com
steve@sol7.com
parksungjin7179@gmail.com
qwyash@naver.com
sunjung-4660@hanmail.net
clementino.tangerino@gmail.com
tom_mcgoldrick@hotmail.com
kelly0903@naver.com
silvercatko@nate.com
tiger2322@hanmail.net
xmkgfm@live.co.kr
kimberly5558@naver.com
cda_6666@hotmail.com
fight_datenote_epilogue@hotmail.com
basunosuke@hotmail.com
lollipop12321@gmail.com
aakbota@mail.ru
harrotkim@gmail.com
bluepeal91@gmail.com
christy.coolchristina@gmail.com
av.vadayounglee@gmail.com
dopiest@gmail.com
bominko@nate.com
ysh949@naver.com
roxie0820@naver.com
lke1004cpt@kaist.ac.kr
godykslhb@hotmail.com
jinhyung.gong@gmail.com
fineyum@naver.com
juwonni@gmail.com
esuh@berklee.edu
kp_dohi@hotmail.com
v--___--v@hotmail.com
leia.shin@outlook.com
saydot@naver.com
omk3090@naver.com
kimbkkngsh@gmail.com
km4rang@hanmail.net
dpdud89@naver.com
loveoik@naver.com
anyumi0526@naver.com
cronos33@naver.com
chadolpapa@msn.com
syoo16@daum.net
soleejan91@gmail.com
hanry0919@naver.com
won.young.choi23@gmail.com
reza_dodar@yahoo.com
khh0083@hanmail.net
iloveroch@gmail.com
naomi.goddard@hotmail.com
muniska_2004@mail.ru
sohn.jinseung@gmail.com
ysj4896@gmail.com
ayaoka_1117@msn.com
ahnyujin1@gmail.com
justinyokoi@yahoo.com
mth517@gmail.com
9215891@gmail.com
rngus9069@naver.com
chengel2@naver.com
hoony623@gmail.com
cfasse@gmail.com
johnyohlee@gmail.com
liberty0403@naver.com
liberty0403@naver.com
piaflover@hanmail.net
estherk78@naver.com
nikiforov.andrei@gmail.com
yjb2@georgetown.edu
axcod12@naver.com
pseol1027@naver.com
eunhyunghwang2011@u.northwestern.edu
-0-sun-0-a@hanmail.net
sejin15@gmail.com
kaisar_nalayev94@mail.ru
beatlifedm@gmail.com
opo1220@nate.com
esfp4@hanmail.net
mmyn2437@yahoo.com
doyunkims@gmail.com
i591004@naver.com
ss0044@hanmail.net
v.gil@hotmail.fr
hyojeong9379@gmail.com
kodae0@naver.com
jungjookim@ymail.com
victor.ruano@gmail.com
warrek@naver.com
treeplace82@naver.com
yyou@mit.edu
hong2478@yahoo.com
mary1131@hanmail.net
puma.toe@gmail.com
johnhkwon@gmail.com
minaly@amerzonik.com
122jane@hanmail.net
enzosmithteacher@gmail.com
gabrieledemaestri@yahoo.it
tommiex@gmail.com
imyoung.do7@gmail.com
k151515@naver.com
apriltang.taurusbabe@gmail.com
mingha88@yahoo.com
erikmulderibs@hotmail.com
b.rasker@axivate.com
mail@ramondeklein.nl
heartycynic@gmail.com
thankshy@gmail.com
miho_1012_58@yahoo.co.jp
frank.eifer@gmx.de
kim79usc@gmail.com
iamsuperja242@yahoo.com
jake@jobplanet.com
kb.park.goodman@gmail.com
cyh89@naver.com
sonakn0929@gmail.com
matthewselz@gmail.com
korykaunisto@gmail.com
cobbcho@gmail.com
b.krahe@t-online.de
ssugy08@naver.com
sandeepgrover21@gmail.com
realcrisis@naver.com
y1011won@gmail.com
blackium8@gmail.com
ny11360@gmail.com
altglas@naver.com
kuru5972@gmail.com
pure_swan@naver.com
ruthin76@yuhs.ac
tokinim@gmail.com
9109kkk@naver.com
stephen.m.bappert@gmail.com
elinjang@hotmail.com
tommckeand@hotmail.com
nicksaady@tpg.com.au
chk110@naver.com
piercey79@hotmail.com
jgoolee@yahoo.co.kr
railya.usnadinkyzy@gmail.com
terryeum@gmail.com
bryanchi7@yahoo.com
bryanchi7@yahoo.com
saemikoller@hotmail.com
rmnatural@naver.com
sjk829@naver.com
muller_caro@hotmail.fr
shaneoh@yahoo.com
lucypel@naver.com
joseph.tsou1125@gmail.com
marcosaks82008@hotmail.com
brand0505@gmail.com
bella_nastasia@mail.ru
mind_control@nate.com
babo307@skku.edu
lauragreer1@gmail.com
ortho119@daum.net
sunghan.shin@gmail.com
pch3527@hanmail.net
96paul@naver.com
jiwonie.k@gmail.com
impressive00@naver.com
lds0711@hanmail.net
geunyoung1224@i.softbank.jp
yuus2@i.softbank.jp
maxhaahr@hotmail.com
alexey.r@mail.ru
001vvp@gmail.com
jhkim@naver.com
thsgus@gmail.com
sharronlynn10821@outlook.com
frankimus@gmail.com
jinsuyan@yahoo.com
lsoyeon33@naver.com
devinjansen@hotmail.com
bright38@naver.com
chocola1129@naver.com
sungbin8688@gmail.com
dwr6028@naver.com
joshualmiller87@gmail.com
techmashchaos@gmail.com
d.camas@gmail.com
benjamindwaters@gmail.com
blahblahjm2@gmail.com
bbbbbshot@gmail.com
lb1011@naver.com
waw79@naver.com
cminjeong@naver.com
emi.salvador20@gmail.com
ms-flora@hanmail.net
anichowski.1@osu.edu
jkwon09@hotmail.com
stellakwon28@yahoo.com
pdmoon07@gmail.com
iiiiib@paran.com
andyseo1209@hotmail.com
nlove_128@hotmail.com
kpoly95@paran.com
ihtkfkd@gmail.com
daveosei@gmail.com
jaewoo.ha@gmail.com
kimura36@naver.com
sylvainbn1@gmail.com
motor5@nate.com
gun2y-@hanmail.net
ukse1@hanmail.net
ambersim.kim@gmail.com
lalajy@gmail.com
jeff.leisey@falconjet.com
ry12@softbank.ne.jp
asuturia@naver.com
douglas_bellin@yahoo.com
robertdrz@live.com.au
dlsnakfn01@naver.com
rika9@naver.com
ippngirl92@naver.com
yongjin.yoon@gmail.com
potemkinee@hotmail.fr
shenqwan@gmail.com
borahlim@paran.com
jihyunbeom@gmail.com
xcreate1@gmail.com
clswjf0323@naver.com
samanthahodgett@gmail.com
mipi0606@naver.com
ceciliapark8950@gmail.com
minu0803@naver.com
khijn128@naver.com
hbjang98@naver.com
koyu1216@yahoo.com
dlsksthf@naver.com
pighair@gmail.com
burnade@naver.com
c3090035@uon.edu.au
nangdol2@naver.com
vesper1005@nate.com
hydy425@gmail.com
chwct@nate.com
starlet100uk@hotmail.com
rockstargrl22@yahoo.com
sm-nprince@hotmail.com
yujin.kang@intoglobal.com
thomas.suh@into.uk.com
minju721@naver.com
82gunbbang@naver.com
dongyoung.ioi@gmail.com
steve.kim96@gmail.com
jenntom12@yahoo.com.au
shine_ss@naver.com
hyosun.choi@lge.com
cuteshanshan1207@hotmail.com
rebekah_kjh@hotmail.com
sonalirehil99@gmail.com
rajwantssran@ucla.edu
saeheelee97@naver.com
maximize0@gmail.com
disjwhgek@naver.com
ifiaka@yahoo.com
sjprep1714@gmail.com
glennp69@comcast.net
hyunsora@naver.com
a.hannah.seo@gmail.com
jhwise@hotmail.com
danny35-_-v@hanmail.net
dlalgp311@naver.com
jypeaceb@hotmail.com
hey_hoho@hotmail.com
sarsu14@nate.com
yoomi77@hotmail.com
vachtas@gmail.com
natan.avidan@gmail.com
yjswolf@empal.com
m2mkky@naver.com
bigwill__@hotmail.com
borori1@naver.com
ehoh@puc.edu
landreyka1@gmail.com
landreyka1@gmail.com
shinhyeyeong@naver.com
philius-@hanmail.net
kimsenghyun@naver.com
winlim52@naver.com
pra-jan@hotmail.com
eyuksa@naver.com
simonelinsabc@yahoo.com.br
ticthim@yahoo.com.br
ave_@hotmail.it
kasian89@hotmail.com
ianis17@hotmail.com
m_goumgoom@yahoo.fr
yeeoo000@naver.com
hyukone1234@naver.com
jpper@umich.edu
water-is@hanmail.net
h_codaro@hotmail.com
diwille@hotmail.fr
suhyun180@naver.com
soomi_pp@naver.com
choi0w@naver.com
yenncolanggo@gmail.com
katharine.rudnik@connect.qut.edu.au
g2jh2@nate.com
mentorbaek@gmail.com
carly_merrett@hotmail.com
jeongku.choi@gmail.com
luna8366@naver.com
campionissimo76@gmail.com
dj-whiteline@mail.ru
davidber@hotmail.it
chemie01@hotmail.com
lnieuwoudt@gmail.com
plusyplusme@naver.com
mpurplish@yahoo.com
jeonkh0330@hotmail.com
soonysyndrome@gmail.com
davemcaleer1@hotmail.com
katie.ford28@googlemail.com
sarah58@naver.com
wjsblue777@hanmail.net
leejnen@naver.com
lulu2675@yahoo.com
josh.tweedie@hotmail.co.uk
jamie.ramsey@gmail.com
kekamaria-22@hotmail.com
hngmoon@gmail.com
zackals@naver.com
cardillo5@verizon.net
robinstar2@naver.com
lgyoung23@naver.com
1997jmg@naver.com
idddj7770@nate.com
thomasbuitrading@gmail.com
dkdlf1111@naver.com
jmc8665@naver.com
joyoo0817@naver.com
qorgysah@daum.net
seobu1105@nate.com
angel_gurl_892@yahoo.com
yunji87@gmail.com
songtan2007@hotmail.com
josephsonguk@hotmail.com
nadia417@nate.com
foutydiop@yahoo.fr
jspeckner@googlemail.com
shinyoung9036@gmail.com
cioh@etri.re.kr
kshan@etri.re.kr
vivi@mobvista.com
jgjeong@gmail.com
mjb460@aol.com
kiddycoy@naver.com
loveyoukachukachu@hotmail.com
yakle1218@hotmail.com
freebird1785@gmail.com
ebird16@me.com
paranari@naver.com
buzz9246@naver.com
gosisi77@gmail.com
neinhart@gmail.com
blueday0812@naver.com
skotouzas10@jhubc.it
megunbo@icloud.com
larrylima1981@gmail.com
yghms@hanmail.net
haruggy@nate.com
kju1999@gmail.com
mchon501@gmail.com
sukwang.shin@kipa.org
yckwon1223@hanmail.net
kingnz@naver.com
wjdand1202@naver.com
jule_12@nate.com
riva128x@naver.com
princett_sara_@hotmail.com
heawon0910@naver.com
yann.cueroni@gmail.com
hanji0423@gmail.com
happy.le@hotmail.com
zuerst27@naver.com
ruminic@naver.com
geenyfree@naver.com
syklllishz@gmail.com
alpha.s3r@gmail.com
an_zlot@bk.ru
no5kaiser@naver.com
dpdnjs8331@naver.com
sjchoo@microsoft.com
pinkangelcn@naver.com
35castle@naver.com
mkhy91@hanmail.net
seankim0421@nate.com
icejall29@nate.com
joarkim77@gmail.com
hong_kim@naver.com
jack0504@naver.com
dlrkdnjs19@hanmail.net
doozzary@hanmail.net
tonyk128@gmail.com
kmfrisby@hotmail.co.uk
daniel4man@gmail.com
luna.et.stella@gmail.com
dentapopi@hotmail.com
icnase@hotmail.com
ddongchiken@gmail.com
sunghwan0286@gmail.com
stigreeves21@hotmail.co.uk
rainbow047@hotmail.com
petitarte@hotmail.com
remeon8114@nate.com
rshephard1@hotmail.co.uk
spencer.desmond@gmail.com
diu60@live.ca
cookiesholic@naver.com
djdjsdj@gmail.com
pweckl@gmail.com
andykydd@gmail.com
rudesign@naver.com
cochenour16@gmail.com
andy97@my.yorku.ca
myhien.tran2281994@gmail.com
skycij@naver.com
colbykiener88@gmail.com
tom.shao@me.com
jeonghb-007@hotmail.com
ptela2003@naver.com
minsun0012@gmail.com
sinaetmul@gmail.com
kyuhong.h@gmail.com
songyh1996@gmail.com
synam58@gmail.com
y2k@yonsei.ac.kr
donghooyang@gmail.com
jdha@krict.re.kr
osh1601@hanmail.net
plamango23@naver.com
hongi.luo@gmail.com
psu0109@nate.com
cucuyes@gmail.com
davystewart@yahoo.com
saeed_boss@hotmail.com
dozrol@nate.com
dlgksk102030@naver.com
greeda0214@gmail.com
miaemiae@gmail.com
sooeun.lee@gmail.com
dominic.jg.lee@gmail.com
dohan@skku.edu
son8280@nate.com
kzm_bash@mail.ru
maggiepandalover@hotmail.com
michelle1427@naver.com
qqq0056@naver.com
hanna9193@hanmail.net
rebecca_shin@hotmail.com
imxnutz4u@yahoo.com
jongho.jang@doosan.com
tjsdudgogo@naver.com
kkyyee00@nate.com
mwmj@hanmail.net
ygeun@hanmail.net
tomboyamy@naver.com
akakwang@hotmail.com
hafy1004@nate.com
camillapic@gmail.com
nkchockey77@gmail.com
tina_heena@hotmail.com
danny1222051@naver.com
str33tl3g3nd727@aol.com
galaxypeace@gmail.com
ksfight85@gmail.com
kyoungrock.kim@y-k.co.kr
yungeun64@hotmail.com
simonkang81@gmail.com
ericshin2008@u.northwestern.edu
gksruf5243@naver.com
linus_jhsong@naver.com
seoyeonkim0108@gmail.com
sayamuraki@gmail.com
esue0320@naver.com
numberonekorean@hotmail.com
cn0207@daum.net
ksungtae88@naver.com
sarang486s@naver.com
dbgk0117@nate.com
cjh2610@nate.com
dugout@live.co.kr
ahnxx127@umn.edu
zeros106@hanmail.net
juliaaa25@naver.com
y_log@naver.com
kh4187762@naver.com
yhi0203@naver.com
kindjinkee07@hanmail.net
hangom92@hanmail.net
heejun3482@hanmail.net
ayanes@ajudar.es
cdalbora147@gmail.com
josephrmcgrath@aol.com
thduda7@naver.com
jb46@students.uwf.edu
leegiveme@naver.com
yoocheol@alumni.upenn.edu
jnaughton107@gmail.com
chogbon@gmail.com
aykim1017@gmail.com
mcho43@gmail.com
dinakuzminyx@mail.ru
supasita@gmail.com
pwy2087@naver.com
dedo3322@naver.com
mgcho926@gmail.com
narikim94@naver.com
rmsidakr@nate.com
tylerjang7@gmail.com
wishurhere@hotmail.com
mir111@sen.go.kr
seaandikbg@nate.com
najaaa@korea.com
jeancjt@gmail.com
wlgus6531@naver.com
yasuo.ota@michelin.com
pinklaboca@daum.net
chiahung1004@hotmail.com
danzy79@hotmail.com
dbgus8821@naver.com
bpark95@gmail.com
n02454672@newpaltz.edu
clever_91@naver.com
moro010354@gmail.com
dabin371@hanmail.net
leesungmo415@naver.com
younhye7400@nate.com
littlejay_mb@yahoo.com
coc0_0arr@naver.com
willforder@hotmail.com
tsiak76@daum.net
jbryou@gmail.com
millejes@gmail.com
jchristyshin@gmail.com
wizard2003@nate.com
unkleme@gmail.com
hsk1457@nate.com
hwangsae91@naver.com
ppoie99@gmail.com
dudrjftm@naver.com
a2nitwo@nate.com
portika9@gmail.com
jorgemauri14@hotmail.com
royoon@catholic.ac.kr
demonx@nate.com
joer1995@hotmail.co.uk
andyheather5412@gmail.com
amritjassal@hotmail.co.uk
tvxa.xiahbin0420@gmail.com
yarn6722@naver.com
chungjoonkim@gmail.com
youngshin1@yahoo.com
sarahakpotter@gmail.com
foucalt@naver.com
niftrbl.lko@gmail.com
ready.8190@gmail.com
wis1023@paran.com
kjeanwon@hotmail.com
livy_menghini101@hotmail.com
jangwon.boo@sloan.mit.edu
wackpeace@naver.com
sonia.brightman@comcast.net
mc3818@columbia.edu
n.jidapa@gmail.com
now8912@hotmail.com
cherishkkh@naver.com
psy14207@hanmail.net
jl3475@nyu.edu
korea-swb@hotmail.com
johweelee@hotmail.com
poong8@paran.com
joonseokboo@daum.net
yiso222@gmail.com
arsenalndgirls4eva@hotmail.co.uk
peteidm@googlemail.com
kerotanuk@gmail.com
wys0603@hotmail.com
creechoi@naver.com
ladymaeng.ashley@gmail.com
tiper5@gmail.com
casper.0612@ezweb.ne.jp
twin7748@naver.com
ruby717@naver.com
segir@yandex.ru
filshina@bk.ru
parisinlove8@gmail.com
bjh211@naver.com
yeomin9300@gmail.com
chung_wooj@hotmail.com
winny_tjandra@hotmail.com
jungkyoon@gmail.com
ssssnnna@naver.com
sierra.tequila.korea@gmail.com
yeyeya419@yahoo.com
douglaskingmin@gmail.com
ryohei.0403@softbank.ne.jp
takeshitaniura@gmail.com
xmonkz@gmail.com
znfcyzh@naver.com
sinceta@hanmail.net
schankim1052@gmail.com
alex.spqr@inbox.ru
yongari8@nate.com
cirbow@gmail.com
soblue365@hotmail.com
uni2400@naver.com
ionescu.ana_maria@yahoo.com
neilscott217@hotmail.com
motse21@yahoo.com
jeannie.kang@gmail.com
junwoo_suddenattack@yahoo.com
cseog.ko@gmail.com
gohj114@naver.com
drum4life@naver.com
ivan.anisimov@gmail.com
translexog@hotmail.com
cklim01@naver.com
cmpl@hanmail.net
idesigntoys@gmail.com
adu_rando@hotmail.com
wen_yu99@hotmail.com
dubrovina.tania@gmail.com
audrey.iriberri@gmail.com
kellyparkpink@hotmail.com
hcpkim@yahoo.com
foren4012@gmail.com
tje222@naver.com
buildschool@hanmail.net
psy2641@naver.com
s960532@ee.yzu.edu.tw
bruce@vtv.co.kr
cpbocage@gwmail.gwu.edu
mjeon461@gmail.com
timonator7t@hotmail.com
davinbok@gmail.com
lovelyemily@hotmail.co.kr
saver0216@hotmail.com
jooae91@naver.com
n.marriottx@gmail.com
nicole.jankowski@hotmail.com
damien.inderbitzin@hotmail.com
mgliskey19@gmail.com
lalocasillas@gmail.com
elle_enid@outlook.com
aimy257@hotmail.com
0itachi1@gmail.com
j.smith.04@aberdeen.ac.uk
chiysong03@gmail.com
myminimoni@naver.com
joonghyun.baek@gmail.com
hueol-kja@nate.com
nipple_little@hotmail.com
ssiru87@gmail.com
samsuk25@gmail.com
henrylane@gmail.com
yhlee410@hanmail.net
mariusng91@hotmail.com
moffakristiansen1989@gmail.com
danieldarmamulia@yahoo.com
seonyeongbae1012@gmail.com
jessicatheresia@gmail.com
hongjunseon@gmail.com
hyungon-moon@daum.net
chaewontae@gmail.com
gcukunho@gmail.com
toidio@hotmail.co.uk
iproposeyou@hanmail.net
2004130865@naver.com
dbs9483@nate.com
jeongeuns@yonsei.ac.kr
blueusl@naver.com
thinkmi@naver.com
strofconc@gmail.com
1101qe@gmail.com
jamaicalive@live.co.kr
qkrwodud93@nate.com
jbeversdorf@gmail.com
jyhur805@gmail.com
boosunghwan@gmail.com
jekyun_j@naver.com
ryuhhkhk@gmail.com
0812amy@naver.com
genedimple@gmail.com
syung2kiss@nate.com
haelim.ca@gmail.com
ksonia@naver.com
taehoonv@nate.com
paulopiumhi@hotmail.com
553791181@qq.com
dongpil.lim@gmail.com
mi0706ch@naver.com
doryzlzl@naver.com
rickey95@naver.com
com4ever@paran.com
pikapai@naver.com
psuh@umich.edu
heejoeshop@yahoo.com
librariansh@gmail.com
lmn041055@gmail.com
yerin1108@gmail.com
cholong_g@nate.com
kitpage@nate.com
arajini@hanmail.net
epiacro@naver.com
fan2jp@yahoo.co.jp
jessica.lynn.smith1@hotmail.com
milena.bukal@gmail.com
studioju@hanmail.net
kelee333@gmail.com
rlaskdud95@nate.com
hkwon41@gmail.com
hyojookimart@gmail.com
gomsak@postech.ac.kr
kimseojin705@gmail.com
nicekang_@naver.com
choidamhee@nate.com
choa9399@naver.com
mcknight7@naver.com
gkgusdn1212@naver.com
hojin1047@naver.com
mj_ji0704@naver.com
mujiji@naver.com
jinnykhj@naver.com
sukwon.chung@samsung.com
yangsy0714@naver.com
angiehan1990@gmail.com
gksnf132@nate.com
violetwolf_k@naver.com
bm0286@naver.com
rainity@mk.co.kr
t.theway1001@gmail.com
outofkast2@gmail.com
gmlwn8947@naver.com
sea_52@naver.com
jiangli870806@gmail.com
753positive@gmail.com
cool@kistep.re.kr
kyle101@nate.com
ts33ml@nate.com
duh_suz@hotmail.com
eileenjja@gmail.com
mark.j.hwang@gmail.com
kimke1210@gmail.com
mark@markdavis.com.au
shaloti9708@gmail.com
prinsa1@naver.com
bzsojung@gmail.com
kakawa123@naver.com
alyssasauceda_8@yahoo.com
surie.lee@gmail.com
himcera@gmail.com
skmscsh@gmail.com
jl428@georgetown.edu
victoria-michelle.gruber@hotmail.de
wkdgusl@hyundai.com
hybecca@gmail.com
linie1999@hanmail.net
nk15@rice.edu
mjbrewboy@hotmail.com
bluemelody80@gmail.com
fallocean@naver.com
skh03132@gmail.com
theblindpig@hanmail.net
piaohf_1989@qq.com
ben-mattick@hotmail.com
jaewoo95@hotmail.com
choiseohee87@gmail.com
choiseohee87@gmail.com
andy5431@naver.com
robinbj@naver.com
hochulc@gmail.com
kjih@hotmail.com
nsqueen21@gmail.com
petee23@khu.ac.kr
gilles7408@yahoo.com
sn2903@hanmail.net
rio@dolce.co.jp
jikim@v-maxtechno.com
ejkohler@gmail.com
geerty01@gmail.com
daehee-lee@hotmail.com
jiyeon8787@naver.com
kohoyeon@gmail.com
swj01145@naver.com
jangjw@hotmail.com
seon.kim85@gmail.com
rubyabc@hotmail.com
leabaro@hotmail.de
sujinchoi00@gmail.com
director.hui.in@gmail.com
worldtoppb@daum.net
yupz200@gmail.com
rimyd83@gmail.com
iamjust@naver.com
maemii@naver.com
rlarhksdydscott@hotmail.com
h19880114@nate.com
aslee21@student.kis.or.kr
haejung926@gmail.com
nochance0706@gmail.com
yocla14@hanmail.net
dyenfrance@hotmail.com
zackeryesmith@yahoo.com
sy219219@gmail.com
bjy13456@naver.com
wschae97@gmail.com
wakakojapan@gmail.com
kiichang78@gmail.com
rentaru2@naver.com
arumwoo@gmail.com
seemegonzo@gmail.com
keeen1541@gmail.com
g_chall_10@hotmail.co.uk
sergio-sad@hotmail.com
santiovejero@yahoo.es
qwaqaz@naver.com
boo4095@gmail.com
fickie95@hotmail.com
sohyun.chun@gmail.com
kimjuhyuk@hotmail.com
silver8405@hanmail.net
appletjdah@gmail.com
hojungk@gmail.com
hanna913@naver.com
wook091004@hotmail.com
smalldwe@hanmail.net
finora@hanmail.net
min-soo.kim@hotmail.com
oroi_tree@hotmail.com
vivienagape@gmail.com
nirdeshrao@gmail.com
blmh20@hotmail.com
yeojean424@hotmail.com
yoondaniel7@gmail.com
dahee.suh@gmail.com
louda1217@naver.com
chocojudy@hotmail.com
coleellul@yahoo.com
haemosoo@gmail.com
whjhlee@gmail.com
howon.lee10@imperial.ac.uk
cho.soyoung@gmail.com
kimlucky0@naver.com
tantara.tm@gmail.com
isun25@daum.net
justin100@hanmail.net
advertising@swagoo.co
knk28802@hotmail.com
erikandrewjames@gmail.com
argentsky@nate.com
kelee91213@hanmail.net
yoon@alumni.harvard.edu
dragonsweetpea@gmail.com
smhong1971@hotmail.com
zuniya@gmail.com
ana.jungeumlee@gmail.com
hannahleeee@gmail.com
garyjohnston1976@gmail.com
iancheong1127@gmail.com
kyoju196@gmail.com
jungyupkim1125@gmail.com
kssuh12@gmail.com
hlee@christschool.org
jonnoism@gmail.com
florianatimmer@gmail.com
xorud3406@naver.com
tony.g.kay@gmail.com
thelurpak@yahoo.co.uk
scott0928@naver.com
jiwkr@naver.com
dpatsfield@gmail.com
hurricane.oh@gmail.com
link2gsk1@hotmail.com
js7453@naver.com
ehliehli@gmail.com
kanodavidson@hotmail.com
cherrypigdog@naver.com
superhoney@hotmail.com
conor0118@aol.com
pascale.thollard@gmail.com
adrian.miszczak@gmail.com
htran10@hotmail.com
terence_7@hotmail.com
h507281k@daum.net
lindachelala@hotmail.com
berloffanicola@hotmail.com
newhouse82@naver.com
shannon.wok@gmail.com
rabiacha7@gmail.com
victoria.lipetri@gmail.com
brettlofgren@gmail.com
daniellelofgren@gmail.com
marblefruit4@yahoo.com
videladornamateo@hotmail.com
terranbin@gmail.com
jungbae0122@gmail.com
jungbae0122@gmail.com
sunghun1541@nate.com
bruce.j@teakaukipapamoa.school.nz
ysv456@naver.com
christina.andrew.2012@gmail.com
christina.aery.yi@gmail.com
wlgus4929@nate.com
taiwe@hotmail.com
sangkim85@gmail.com
chopachups@gmail.com
yj7870@naver.com
santas2@naver.com
9p9p1992@naver.com
shashidhar1982@gmail.com
rumirum@naver.com
nuku.erisa@yahoo.com
pisik_8@hotmail.com
dpslajffjqm@naver.com
dpslajffjqm@naver.com
namkoongk@gmail.com
j.sung16@gmail.com
ohseungo@kaist.ac.kr
swyohan@naver.com
jungwon714@naver.com
whitebaeg@naver.com
ssh4656@hanmail.net
undied@naver.com
hpark247@wisc.edu
cgsaari@gmail.com
happywook@gmail.com
qazssx@yandex.ru
baek_jy@nate.com
kurt.engeljehringer@inode.at
cecibin@hanmail.net
lazylen@gmail.com
wonju519@gmail.com
ahra.claire.cho@gmail.com
kurt@kingslaim.com
min.kim803@gmail.com
fatchris1102@hotmail.com
leo.garcia1976@gmail.com
petersuh0905@gmail.com
dolan.mml@gmail.com
daek97@yahoo.com
green8452@msn.com
yugeub@gmail.com
jonghyoun@gmail.com
emmagreg54@googlemail.com
hilary-_-7@hanmail.net
swansohn@gmail.com
photographer.y@gmail.com
35878322@qq.com
dopingcat@nate.com
jangsea.park@gmail.com
godzilla0805@naver.com
x3yayrin@gmail.com
tomkerrigan10@gmail.com
happyend1035@hotmail.com
chosh1001@naver.com
newspatoy@naver.com
stkim@theitc.co.kr
shinejp7117@gmail.com
bhaher@yahoo.com
julia_sze@hotmail.com
antant912@gmail.com
dpjmh515@naver.com
rudiajung@g.ucla.edu
jiy900416@gmail.com
frank.kloos@gmail.com
nammunho@naver.com
1018849166@qq.com
cmjylim@gmail.com
anwobo1@aol.com
monsi1118@gmail.com
nanojune@gmail.com
kingdavy@daum.net
zimicas@gmail.com
a_little_star_9x@yahoo.com
oberoi1992@gmail.com
eunego@naver.com
skyanel1023@nate.com
hae_jin7942@nate.com
armeia@nate.com
midnight1013@naver.com
alessandragrando@uol.com.br
labica@gmail.com
jasonkahng@naver.com
yooneonkim@gmail.com
jsshin@kbfg.com
gill_68@hotmail.com
380922@mail.ru
aarontbuss@gmail.com
caglartas@gmail.com
lmj8873@nate.com
eun.5@hotmail.com
heejae95@naver.com
qwsaqwsa@hanmail.net
hartj13@yahoo.com
lvergel@sympatico.ca
lvergel@sympatico.ca
wnduddl2277@naver.com
yangarch@yahoo.co.kr
bbyung94@gmail.com
jaeroh@empas.com
jina4569@naver.com
knesky13@gmail.com
rpayn617@gmail.com
jennifer90@naver.com
worri@naver.com
khoonk71@yahoo.co.kr
marc.skill@gmail.com
anthony.caudebec@live.fr
miyavi_ga_sukii@hotmail.fr
ririenne48@yahoo.co.jp
yclarinet2@yahoo.com
seyoungw@gmail.com
hophfg@yahoo.co.kr
klkl112@naver.com
makeuup@gmail.com
rayray25@daum.net
taegon.oh@gmail.com
epny1@naver.com
danusocialnet@hotmail.com
emma.oh411@gmail.com
yoonteresa@hotmail.com
benburn@hotmail.co.uk
billkontra@gmail.com
sk09991@nate.com
tresor0@hotmail.com
hyemonica@gmail.com
griggs635@btinternet.com
dasomyuka@hanmail.net
rhsdkwlwl@nate.com
dahwang81@hotmail.com
onefullip@naver.com
j_raff@hotmail.co.uk
sidney.yang0@gmail.com
katetittel@live.com
junghwanss@naver.com
ynot89@naver.com
eunji9167@naver.com
ben23@nate.com
jashkuo@ms74.hinet.net
dngkr44@naver.com
flamie07@yahoo.co.nz
rachelynnweight@yahoo.com
leif.lindkvist7@gmail.com
cabin9605@hotmail.com
giomyung@gmail.com
20sjmom@naver.com
joe015b@daum.net
taewan85@gmail.com
dlrlgns1125@naver.com
lee.yooj.c@gmail.com
lyu.lue@gmail.com
gss0222@hanmail.net
curlyk777@gmail.com
khs1006@hotmail.com
lucador@unlv.nevada.edu
ilyunni@hyundai-steel.com
kaneharvey@hotmail.com
laurajaneroberts@hotmail.co.uk
grape351@hotmail.com
toqurdltmf50@hotmail.com
kimjo7@yahoo.com
seoky0102@gmail.com
briller@hanmail.net
ssuweet@hotmail.com
jazz1angel@yahoo.co.uk
sujin@ignitexl.com
bianchi-diego@tiscali.it
bellamolimarco@gmail.com
chowg25@hotmail.co.kr
lxfitz@gmail.com
nami615@gmail.com
okibaby@korea.ac.kr
regen97@googlemail.com
siaminusi@gmail.com
skill@naver.com
saepbaker@gmail.com
lleta0401@naver.com
brahms1014@hanmail.net
japanesepride@hotmail.com
thekazoom@gmail.com
metis700902@gmail.com
skicjh@hotmail.com
nonon901@naver.com
handhandtest@gmail.com
woohaa98@hotmail.com
ositoforce707@yahoo.com
rain7877@gmail.com
sweetsooyun@hanmail.net
jise223@hotmail.com
uauaua333@naver.com
bento023@yahoo.co.id
bento023@yahoo.co.id
guddnakstp77@naver.com
kilrheice@hotmail.com
kennethleeky@gmail.com
nick.sonderup@gmail.com
danael_@naver.com
cduddy1985@gmail.com
jazzz9996@gmail.com
arielwong512@yahoo.com.hk
talk97@hanmail.net
bgwatts@hotmail.co.uk
42356@hanmail.net
sharp_sk124@hotmail.com
sharp_sk124@hotmail.com
starmoon_@naver.com
eumjangi@hanmail.net
spirit7942@hotmail.com
yisang7@hanmail.net
miya29@nate.com
kj00724@gmail.com
sf.vanishingpoint@gmail.com
thinkright@hanmail.net
sherophae312@naver.com
dpcher1989@gmail.com
adster10@hotmail.com
samaavain@gmail.com
sansookapsan@gmail.com
jangkeehyo@gmail.com
cienlux@gmail.com
morinaga0918@naver.com
sabina_sochi@mail.ru
inhye465@gmail.com
freesounds@naver.com
ab.nurmagambetov@gmail.com
giacomodininni@gmail.com
psi1218@hanmail.net
littelangelsveta@hotmail.co.uk
lucca1201@naver.com
rjsghtjdwl12@nate.com
kstetzel@gmail.com
odongnice@gmail.com
eces11@naver.com
lrigelyts@naver.com
trevorkyman@yahoo.co.uk
kje0544@nate.com
pruins@nate.com
haidie@hanmail.net
thoron@mail.ru
smileyelim@naver.com
egyg10004@daum.net
park.soonsung@gmail.com
1cus-dar_8-o@ezweb.ne.jp
sndntm7@gmail.com
lnmcgovernx3@gmail.com
juanajisoo@naver.com
reum731@gmail.com
dbwkgk@naver.com
bestkid65@naver.com
sismonica@nate.com
kyori0515@naver.com
tgleyf@naver.com
alice95park@gmail.com
natsuki_t4730@yahoo.co.jp
natsuki_t4730@yahoo.co.jp
jjw0457@naver.com
a_lovedancing@i.softbank.jp
yhkima@gmail.com
imsookha@gmail.com
hageness_7@hotmail.com
laicerose@hotmail.com
alexkim001@hotmail.com
nagaham@daum.net
zoooya@yahoo.co.kr
thaomi96@gmail.com
thomasdw_91@hotmail.com
bwlee@assembly.go.kr
chaeys09@naver.com
jhang98@naver.com
coljj1646@naver.com
kimtaeminn@gmail.com
rlatlqja3@hanmail.net
dr_yurimj@naver.com
okoko7026@gmail.com
dcho69@hotmail.com
johngonzales22@yahoo.com
dora.sobrelopes@gmail.com
entr@naver.com
martin-wahl@gmx.net
jhui116@naver.com
wjdals0928@naver.com
diemnguyen1912@gmail.com
stanislas.hug@gmail.com
leoranta10@gmail.com
major1116@naver.com
ruknabid@gmail.com
chowoohyuk@gmail.com
jjonariza@gmail.com
iksunjjis@naver.com
jordanjam2000@yahoo.com
acosbt.77@gmail.com
jinugi92@hanmail.net
ludacris@kia.co.kr
takejinu@hanmail.net
symin0429@hanmail.net
minwoo.park@live.com
phenry@live.be
sevvi73@gmail.com
dochi76@gmail.com
seunglee82@gmail.com
khk257@nyu.edu
wpdud1005@naver.com
ajtwlsrrna@naver.com
siberiancat2008@gmail.com
matthias.de.semlyen@gmail.com
drponns@gmail.com
shetri@naver.com
nabi1453@naver.com
ljhys@hanmail.net
ssomsak@naver.com
